GROUP,PACKAGE,CLASS,INSTRUCTION_MISSED,INSTRUCTION_COVERED,BRANCH_MISSED,BRANCH_COVERED,LINE_MISSED,LINE_COVERED,COMPLEXITY_MISSED,COMPLEXITY_COVERED,METHOD_MISSED,METHOD_COVERED
Stanford CoreNLP,edu.stanford.nlp.maxent,CGRunner.LikelihoodFunction,173,0,18,0,35,0,15,0,6,0
Stanford CoreNLP,edu.stanford.nlp.maxent,CGRunner,336,0,12,0,56,0,16,0,10,0
Stanford CoreNLP,edu.stanford.nlp.maxent,DataGeneric,3,0,0,0,1,0,1,0,1,0
Stanford CoreNLP,edu.stanford.nlp.maxent,Feature,476,0,34,0,93,0,37,0,20,0
Stanford CoreNLP,edu.stanford.nlp.maxent,Experiments,1101,11,90,0,187,4,63,1,18,1
Stanford CoreNLP,edu.stanford.nlp.maxent,Features,271,11,22,0,67,4,19,2,8,2
Stanford CoreNLP,edu.stanford.nlp.maxent,CGRunner.MonitorFunction,78,0,4,0,14,0,6,0,4,0
Stanford CoreNLP,edu.stanford.nlp.maxent,Problem,99,0,4,0,30,0,8,0,6,0
Stanford CoreNLP,edu.stanford.nlp.dcoref,CorefCoreAnnotations.CorefGraphAnnotation,7,0,0,0,2,0,2,0,2,0
Stanford CoreNLP,edu.stanford.nlp.dcoref,ScorerBCubed.BCubedType,68,0,0,0,1,0,4,0,4,0
Stanford CoreNLP,edu.stanford.nlp.dcoref,RuleBasedCorefMentionFinder,2071,123,265,3,377,14,160,4,27,3
Stanford CoreNLP,edu.stanford.nlp.dcoref,CorefCoreAnnotations.CorefClusterAnnotation,7,0,0,0,2,0,2,0,2,0
Stanford CoreNLP,edu.stanford.nlp.dcoref,CorefCoreAnnotations,3,0,0,0,2,0,1,0,1,0
Stanford CoreNLP,edu.stanford.nlp.dcoref,SieveCoreferenceSystem.new FileFilter() {...},13,0,0,0,3,0,3,0,3,0
Stanford CoreNLP,edu.stanford.nlp.dcoref,CorefChain.CorefMentionComparator,47,0,12,0,8,0,8,0,2,0
Stanford CoreNLP,edu.stanford.nlp.dcoref,Dictionaries.Animacy,48,0,0,0,1,0,4,0,4,0
Stanford CoreNLP,edu.stanford.nlp.dcoref,CorefCoreAnnotations.CorefAnnotation,5,0,0,0,2,0,2,0,2,0
Stanford CoreNLP,edu.stanford.nlp.dcoref,Mention,5048,91,1018,1,857,25,598,2,81,2
Stanford CoreNLP,edu.stanford.nlp.dcoref,MentionExtractor,936,0,110,0,197,0,81,0,24,0
Stanford CoreNLP,edu.stanford.nlp.dcoref,CorefChain.CorefMention,359,0,56,0,75,0,34,0,6,0
Stanford CoreNLP,edu.stanford.nlp.dcoref,ACEMentionExtractor,783,0,68,0,130,0,41,0,7,0
Stanford CoreNLP,edu.stanford.nlp.dcoref,Constants,52,0,0,0,18,0,3,0,3,0
Stanford CoreNLP,edu.stanford.nlp.dcoref,ScorerPairwise,214,0,28,0,48,0,17,0,3,0
Stanford CoreNLP,edu.stanford.nlp.dcoref,CorefScorer,260,0,16,0,43,0,17,0,8,0
Stanford CoreNLP,edu.stanford.nlp.dcoref,SieveCoreferenceSystem,6671,0,561,0,1019,0,328,0,44,0
Stanford CoreNLP,edu.stanford.nlp.dcoref,Document,2989,0,390,0,521,0,228,0,33,0
Stanford CoreNLP,edu.stanford.nlp.dcoref,MUCMentionExtractor,799,0,80,0,152,0,45,0,5,0
Stanford CoreNLP,edu.stanford.nlp.dcoref,CoNLL2011DocumentReader.Document,41,0,0,0,15,0,10,0,10,0
Stanford CoreNLP,edu.stanford.nlp.dcoref,Document.DocType,38,0,0,0,1,0,4,0,4,0
Stanford CoreNLP,edu.stanford.nlp.dcoref,CorefScorer.new Object() {...},26,0,0,0,1,0,1,0,1,0
Stanford CoreNLP,edu.stanford.nlp.dcoref,CorefChain,264,0,30,0,58,0,27,0,12,0
Stanford CoreNLP,edu.stanford.nlp.dcoref,ACEMentionExtractor.EntityComparator,33,0,8,0,6,0,6,0,2,0
Stanford CoreNLP,edu.stanford.nlp.dcoref,CoNLL2011DocumentReader.CorefMentionAnnotation,5,0,0,0,2,0,2,0,2,0
Stanford CoreNLP,edu.stanford.nlp.dcoref,SpeakerInfo,171,0,26,0,39,0,24,0,11,0
Stanford CoreNLP,edu.stanford.nlp.dcoref,CoNLL2011DocumentReader.DocumentIterator,1360,0,164,0,283,0,97,0,15,0
Stanford CoreNLP,edu.stanford.nlp.dcoref,CorefChain.MentionComparator,47,0,12,0,8,0,8,0,2,0
Stanford CoreNLP,edu.stanford.nlp.dcoref,CoNLL2011DocumentReader,934,0,86,0,178,0,57,0,14,0
Stanford CoreNLP,edu.stanford.nlp.dcoref,SieveOptions,305,0,58,0,63,0,31,0,2,0
Stanford CoreNLP,edu.stanford.nlp.dcoref,CoNLL2011DocumentReader.CorpusStats,600,0,32,0,108,0,21,0,5,0
Stanford CoreNLP,edu.stanford.nlp.dcoref,Semantics,18,0,0,0,5,0,2,0,2,0
Stanford CoreNLP,edu.stanford.nlp.dcoref,CorefCoreAnnotations.CorefChainAnnotation,7,0,0,0,2,0,2,0,2,0
Stanford CoreNLP,edu.stanford.nlp.dcoref,Dictionaries.MentionType,65,0,0,0,3,0,4,0,4,0
Stanford CoreNLP,edu.stanford.nlp.dcoref,CorefCoreAnnotations.CorefDestAnnotation,5,0,0,0,2,0,2,0,2,0
Stanford CoreNLP,edu.stanford.nlp.dcoref,ScorerBCubed.new Object() {...},26,0,0,0,1,0,1,0,1,0
Stanford CoreNLP,edu.stanford.nlp.dcoref,CoNLL2011DocumentReader.Options,48,0,0,0,17,0,3,0,3,0
Stanford CoreNLP,edu.stanford.nlp.dcoref,CorefCoreAnnotations.CorefClusterIdAnnotation,5,0,0,0,2,0,2,0,2,0
Stanford CoreNLP,edu.stanford.nlp.dcoref,Dictionaries.Number,48,0,0,0,1,0,4,0,4,0
Stanford CoreNLP,edu.stanford.nlp.dcoref,Dictionaries,5699,0,44,0,259,0,42,0,20,0
Stanford CoreNLP,edu.stanford.nlp.dcoref,ScorerBCubed,637,0,82,0,132,0,52,0,9,0
Stanford CoreNLP,edu.stanford.nlp.dcoref,CorefScorer.ScoreType,48,0,0,0,1,0,4,0,4,0
Stanford CoreNLP,edu.stanford.nlp.dcoref,CorefScorer.SubScoreType,48,0,0,0,1,0,4,0,4,0
Stanford CoreNLP,edu.stanford.nlp.dcoref,Dictionaries.Person,98,0,0,0,1,0,4,0,4,0
Stanford CoreNLP,edu.stanford.nlp.dcoref,CorefCluster,605,0,66,0,90,0,43,0,10,0
Stanford CoreNLP,edu.stanford.nlp.dcoref,Dictionaries.Gender,58,0,0,0,1,0,4,0,4,0
Stanford CoreNLP,edu.stanford.nlp.dcoref,ScorerMUC,313,0,28,0,48,0,18,0,4,0
Stanford CoreNLP,edu.stanford.nlp.dcoref,CoNLLMentionExtractor,650,0,40,0,139,0,29,0,9,0
Stanford CoreNLP,edu.stanford.nlp.dcoref,Rules,2634,421,647,49,496,48,368,21,37,4
Stanford CoreNLP,edu.stanford.nlp.dcoref,SingletonPredictor,308,0,30,0,66,0,22,0,7,0
Stanford CoreNLP,edu.stanford.nlp.dcoref,CoNLL2011DocumentReader.NamedEntityAnnotation,5,0,0,0,2,0,2,0,2,0
Stanford CoreNLP,edu.stanford.nlp.dcoref,CoreferenceSystem,3,0,0,0,1,0,1,0,1,0
Stanford CoreNLP,edu.stanford.nlp.simple,GermanSentence.new Properties() {...},39,0,0,0,11,0,1,0,1,0
Stanford CoreNLP,edu.stanford.nlp.simple,GermanSentence.new Properties() {...},44,0,0,0,12,0,1,0,1,0
Stanford CoreNLP,edu.stanford.nlp.simple,ChineseDocument,56,0,0,0,14,0,10,0,10,0
Stanford CoreNLP,edu.stanford.nlp.simple,FrenchDocument,39,0,0,0,12,0,8,0,8,0
Stanford CoreNLP,edu.stanford.nlp.simple,ArabicDocument,49,0,0,0,14,0,10,0,10,0
Stanford CoreNLP,edu.stanford.nlp.simple,ArabicSentence.new Properties() {...},44,0,0,0,12,0,1,0,1,0
Stanford CoreNLP,edu.stanford.nlp.simple,ArabicSentence.new Properties() {...},39,0,0,0,11,0,1,0,1,0
Stanford CoreNLP,edu.stanford.nlp.simple,GermanSentence,29,0,0,0,8,0,4,0,4,0
Stanford CoreNLP,edu.stanford.nlp.simple,SentimentClass,136,0,22,0,18,0,23,0,10,0
Stanford CoreNLP,edu.stanford.nlp.simple,ChineseDocument.new Properties() {...},23,0,0,0,6,0,1,0,1,0
Stanford CoreNLP,edu.stanford.nlp.simple,ChineseDocument.new Properties() {...},29,0,0,0,9,0,1,0,1,0
Stanford CoreNLP,edu.stanford.nlp.simple,FrenchSentence,29,0,0,0,8,0,4,0,4,0
Stanford CoreNLP,edu.stanford.nlp.simple,SpanishSentence.new Properties() {...},39,0,0,0,11,0,1,0,1,0
Stanford CoreNLP,edu.stanford.nlp.simple,SpanishSentence.new Properties() {...},44,0,0,0,12,0,1,0,1,0
Stanford CoreNLP,edu.stanford.nlp.simple,Document.new Supplier() {...},12,6,2,0,3,2,2,1,1,1
Stanford CoreNLP,edu.stanford.nlp.simple,Document.new Supplier() {...},12,6,2,0,3,2,2,1,1,1
Stanford CoreNLP,edu.stanford.nlp.simple,Document.new Supplier() {...},12,6,2,0,3,2,2,1,1,1
Stanford CoreNLP,edu.stanford.nlp.simple,Document.new Supplier() {...},12,6,2,0,3,2,2,1,1,1
Stanford CoreNLP,edu.stanford.nlp.simple,Document.new Supplier() {...},12,6,2,0,3,2,2,1,1,1
Stanford CoreNLP,edu.stanford.nlp.simple,Document.new Supplier() {...},12,6,2,0,3,2,2,1,1,1
Stanford CoreNLP,edu.stanford.nlp.simple,Document.new Supplier() {...},12,6,2,0,3,2,2,1,1,1
Stanford CoreNLP,edu.stanford.nlp.simple,Document.new Supplier() {...},12,6,2,0,3,2,2,1,1,1
Stanford CoreNLP,edu.stanford.nlp.simple,Document.new Supplier() {...},12,6,2,0,3,2,2,1,1,1
Stanford CoreNLP,edu.stanford.nlp.simple,ChineseSentence,29,0,0,0,8,0,4,0,4,0
Stanford CoreNLP,edu.stanford.nlp.simple,Document.new Supplier() {...},12,6,2,0,3,2,2,1,1,1
Stanford CoreNLP,edu.stanford.nlp.simple,Document.new Supplier() {...},12,6,2,0,3,2,2,1,1,1
Stanford CoreNLP,edu.stanford.nlp.simple,Document.new Supplier() {...},12,6,2,0,3,2,2,1,1,1
Stanford CoreNLP,edu.stanford.nlp.simple,SentenceAlgorithms,971,0,132,0,170,0,82,0,15,0
Stanford CoreNLP,edu.stanford.nlp.simple,FrenchSentence.new Properties() {...},44,0,0,0,12,0,1,0,1,0
Stanford CoreNLP,edu.stanford.nlp.simple,FrenchSentence.new Properties() {...},39,0,0,0,11,0,1,0,1,0
Stanford CoreNLP,edu.stanford.nlp.simple,Document,1883,474,212,14,291,77,155,19,48,13
Stanford CoreNLP,edu.stanford.nlp.simple,ArabicSentence,29,0,0,0,8,0,4,0,4,0
Stanford CoreNLP,edu.stanford.nlp.simple,SpanishDocument.new Properties() {...},24,0,0,0,8,0,1,0,1,0
Stanford CoreNLP,edu.stanford.nlp.simple,GermanDocument,39,0,0,0,12,0,8,0,8,0
Stanford CoreNLP,edu.stanford.nlp.simple,Sentence,1921,575,171,25,309,87,192,32,94,27
Stanford CoreNLP,edu.stanford.nlp.simple,GermanDocument.new Properties() {...},24,0,0,0,8,0,1,0,1,0
Stanford CoreNLP,edu.stanford.nlp.simple,SpanishDocument,44,0,0,0,13,0,9,0,9,0
Stanford CoreNLP,edu.stanford.nlp.simple,ArabicDocument.new Properties() {...},24,0,0,0,8,0,1,0,1,0
Stanford CoreNLP,edu.stanford.nlp.simple,FrenchDocument.new Properties() {...},24,0,0,0,8,0,1,0,1,0
Stanford CoreNLP,edu.stanford.nlp.simple,SentenceAlgorithms.new Iterator() {...},81,0,6,0,10,0,6,0,3,0
Stanford CoreNLP,edu.stanford.nlp.simple,Sentence.new Annotation() {...},8,19,1,1,1,4,1,1,0,1
Stanford CoreNLP,edu.stanford.nlp.simple,Sentence.new Object() {...},26,0,0,0,1,0,1,0,1,0
Stanford CoreNLP,edu.stanford.nlp.simple,Sentence.new ArrayCoreMap() {...},99,0,2,0,12,0,2,0,1,0
Stanford CoreNLP,edu.stanford.nlp.simple,Sentence.new AbstractList() {...},4,17,0,0,1,2,1,2,1,2
Stanford CoreNLP,edu.stanford.nlp.simple,ChineseSentence.new Properties() {...},44,0,0,0,12,0,1,0,1,0
Stanford CoreNLP,edu.stanford.nlp.simple,ChineseSentence.new Properties() {...},39,0,0,0,11,0,1,0,1,0
Stanford CoreNLP,edu.stanford.nlp.simple,SpanishSentence,29,0,0,0,8,0,4,0,4,0
Stanford CoreNLP,edu.stanford.nlp.parser.ui,ParserPanel.new MouseMotionAdapter() {...},11,0,0,0,3,0,2,0,2,0
Stanford CoreNLP,edu.stanford.nlp.parser.ui,ParserPanel.new MouseAdapter() {...},11,0,0,0,3,0,2,0,2,0
Stanford CoreNLP,edu.stanford.nlp.parser.ui,ParserPanel.new FocusAdapter() {...},11,0,0,0,3,0,2,0,2,0
Stanford CoreNLP,edu.stanford.nlp.parser.ui,ParserPanel.new MouseAdapter() {...},9,0,0,0,3,0,2,0,2,0
Stanford CoreNLP,edu.stanford.nlp.parser.ui,TreeJPanel,616,0,42,0,136,0,38,0,17,0
Stanford CoreNLP,edu.stanford.nlp.parser.ui,ParserPanel.SaveOutputThread,170,0,12,0,38,0,9,0,3,0
Stanford CoreNLP,edu.stanford.nlp.parser.ui,ParserPanel.LoadParserThread,141,0,4,0,30,0,5,0,3,0
Stanford CoreNLP,edu.stanford.nlp.parser.ui,ParserPanel.TimerListener,21,0,0,0,3,0,2,0,2,0
Stanford CoreNLP,edu.stanford.nlp.parser.ui,TreeJPanel.WidthResult,15,0,0,0,6,0,1,0,1,0
Stanford CoreNLP,edu.stanford.nlp.parser.ui,TreeJPanel.new WindowAdapter() {...},6,0,0,0,3,0,2,0,2,0
Stanford CoreNLP,edu.stanford.nlp.parser.ui,Parser,258,0,10,0,65,0,16,0,11,0
Stanford CoreNLP,edu.stanford.nlp.parser.ui,ParserPanel.ParseThread,86,0,4,0,25,0,4,0,2,0
Stanford CoreNLP,edu.stanford.nlp.parser.ui,Parser.new WindowAdapter() {...},11,0,0,0,3,0,2,0,2,0
Stanford CoreNLP,edu.stanford.nlp.parser.ui,ParserPanel,1788,0,112,0,352,0,101,0,45,0
Stanford CoreNLP,edu.stanford.nlp.parser.ui,ParserPanel.JFileChooserLocation,24,0,0,0,9,0,4,0,4,0
Stanford CoreNLP,edu.stanford.nlp.trees.treebank,AbstractDataset,594,0,50,0,131,0,33,0,8,0
Stanford CoreNLP,edu.stanford.nlp.trees.treebank,AbstractDataset.SplitFilter,12,0,0,0,4,0,2,0,2,0
Stanford CoreNLP,edu.stanford.nlp.trees.treebank,ConfigParser,732,0,32,0,124,0,22,0,6,0
Stanford CoreNLP,edu.stanford.nlp.trees.treebank,DefaultMapper,8,0,0,0,4,0,4,0,4,0
Stanford CoreNLP,edu.stanford.nlp.trees.treebank,Dataset.Encoding,38,0,0,0,1,0,4,0,4,0
Stanford CoreNLP,edu.stanford.nlp.trees.treebank,DistributionPackage,271,0,8,0,43,0,9,0,5,0
Stanford CoreNLP,edu.stanford.nlp.trees.treebank,TreebankPreprocessor,432,0,44,0,96,0,28,0,6,0
Stanford CoreNLP,edu.stanford.nlp.net,Ports,78,0,16,0,20,0,11,0,3,0
Stanford CoreNLP,edu.stanford.nlp.tagger.maxent,ExtractorSpanishSemiauxiliaryTag,33,0,6,0,6,0,6,0,3,0
Stanford CoreNLP,edu.stanford.nlp.tagger.maxent,Distsim,202,0,22,0,41,0,15,0,4,0
Stanford CoreNLP,edu.stanford.nlp.tagger.maxent,ExtractorFrames.ExtractorThreeTags,113,0,10,0,27,0,12,0,7,0
Stanford CoreNLP,edu.stanford.nlp.tagger.maxent,ExtractorFrenchAdvSuffix,3,3,0,0,1,1,1,1,1,1
Stanford CoreNLP,edu.stanford.nlp.tagger.maxent,ExtractorFrames,445,303,81,23,85,45,47,8,1,2
Stanford CoreNLP,edu.stanford.nlp.tagger.maxent,ExtractorAllCapitalized,16,3,2,0,6,2,4,1,3,1
Stanford CoreNLP,edu.stanford.nlp.tagger.maxent,ExtractorStartSentenceCap,52,0,8,0,17,0,9,0,5,0
Stanford CoreNLP,edu.stanford.nlp.tagger.maxent,ExtractorFrames.ExtractorWordTwoTags,96,0,6,0,18,0,10,0,7,0
Stanford CoreNLP,edu.stanford.nlp.tagger.maxent,ExtractorDash,16,3,2,0,6,2,4,1,3,1
Stanford CoreNLP,edu.stanford.nlp.tagger.maxent,ExtractorFrenchVerbSuffix,3,3,0,0,1,1,1,1,1,1
Stanford CoreNLP,edu.stanford.nlp.tagger.maxent,MaxentTaggerServer.TaggerClient,129,0,8,0,28,0,6,0,2,0
Stanford CoreNLP,edu.stanford.nlp.tagger.maxent,PluralAcronymDetector,46,0,8,0,16,0,9,0,5,0
Stanford CoreNLP,edu.stanford.nlp.tagger.maxent,TTags,995,323,83,9,210,77,53,15,7,12
Stanford CoreNLP,edu.stanford.nlp.tagger.maxent,ExtractorWordPref,57,0,4,0,11,0,7,0,5,0
Stanford CoreNLP,edu.stanford.nlp.tagger.maxent,ExtractorFrenchNounSuffix,3,3,0,0,1,1,1,1,1,1
Stanford CoreNLP,edu.stanford.nlp.tagger.maxent,ExtractorMidSentenceCapC,52,0,8,0,17,0,9,0,5,0
Stanford CoreNLP,edu.stanford.nlp.tagger.maxent,TestClassifier,644,0,38,0,91,0,28,0,9,0
Stanford CoreNLP,edu.stanford.nlp.tagger.maxent,TaggerConfig,2139,0,78,0,425,0,99,0,60,0
Stanford CoreNLP,edu.stanford.nlp.tagger.maxent,Dictionary,520,18,44,0,123,5,42,2,20,2
Stanford CoreNLP,edu.stanford.nlp.tagger.maxent,CtbSufDetector,69,0,4,0,10,0,7,0,5,0
Stanford CoreNLP,edu.stanford.nlp.tagger.maxent,ExtractorVerbalVBNZero,190,0,32,0,32,0,21,0,5,0
Stanford CoreNLP,edu.stanford.nlp.tagger.maxent,ExtractorFrames.ExtractorTwoWordsTag,90,0,0,0,14,0,7,0,7,0
Stanford CoreNLP,edu.stanford.nlp.tagger.maxent,ASBCunkDetector,47,0,2,0,10,0,5,0,4,0
Stanford CoreNLP,edu.stanford.nlp.tagger.maxent,ExtractorCapC,37,0,4,0,13,0,7,0,5,0
Stanford CoreNLP,edu.stanford.nlp.tagger.maxent,ExtractorsConjunction,101,0,12,0,19,0,12,0,6,0
Stanford CoreNLP,edu.stanford.nlp.tagger.maxent,ExtractorLetterDashDigit,64,0,16,0,21,0,12,0,4,0
Stanford CoreNLP,edu.stanford.nlp.tagger.maxent,History,158,54,12,2,31,14,14,5,8,4
Stanford CoreNLP,edu.stanford.nlp.tagger.maxent,ExtractorLetterDigitDash,22,3,6,0,6,2,6,1,3,1
Stanford CoreNLP,edu.stanford.nlp.tagger.maxent,ExtractorWordShapeClassifier,49,0,2,0,10,0,6,0,5,0
Stanford CoreNLP,edu.stanford.nlp.tagger.maxent,Extractor,173,73,28,6,47,18,22,12,8,9
Stanford CoreNLP,edu.stanford.nlp.tagger.maxent,CWordBooleanExtractor,17,3,2,0,4,1,4,1,3,1
Stanford CoreNLP,edu.stanford.nlp.tagger.maxent,TemplateHash,183,18,12,0,33,5,12,2,6,2
Stanford CoreNLP,edu.stanford.nlp.tagger.maxent,CTBunkDict,116,0,10,0,30,0,11,0,6,0
Stanford CoreNLP,edu.stanford.nlp.tagger.maxent,ExtractorSpanishConditionalSuffix,3,3,0,0,1,1,1,1,1,1
Stanford CoreNLP,edu.stanford.nlp.tagger.maxent,AmbiguityClasses,53,8,8,0,11,3,6,1,2,1
Stanford CoreNLP,edu.stanford.nlp.tagger.maxent,ExtractorFrames.ExtractorWordLowerCase,13,0,0,0,3,0,2,0,2,0
Stanford CoreNLP,edu.stanford.nlp.tagger.maxent,ExtractorCapLCSeen,66,0,4,0,17,0,8,0,6,0
Stanford CoreNLP,edu.stanford.nlp.tagger.maxent,ExtractorFramesRare,1423,319,56,20,124,50,46,3,9,2
Stanford CoreNLP,edu.stanford.nlp.tagger.maxent,MaxentTaggerGUI,195,0,0,0,53,0,5,0,5,0
Stanford CoreNLP,edu.stanford.nlp.tagger.maxent,MaxentTagger,3329,172,313,7,682,52,223,4,61,4
Stanford CoreNLP,edu.stanford.nlp.tagger.maxent,ExtractorCNumber,16,3,2,0,6,2,4,1,3,1
Stanford CoreNLP,edu.stanford.nlp.tagger.maxent,ExtractorMidSentenceCap,34,0,6,0,12,0,7,0,4,0
Stanford CoreNLP,edu.stanford.nlp.tagger.maxent,MaxentTaggerServer.Session,155,0,8,0,33,0,7,0,3,0
Stanford CoreNLP,edu.stanford.nlp.tagger.maxent,MaxentTagger.TaggerWrapper,240,0,14,0,44,0,9,0,2,0
Stanford CoreNLP,edu.stanford.nlp.tagger.maxent,CtbDict,154,0,16,0,39,0,15,0,7,0
Stanford CoreNLP,edu.stanford.nlp.tagger.maxent,HistoryTable,14,19,0,0,4,5,3,3,3,3
Stanford CoreNLP,edu.stanford.nlp.tagger.maxent,ExtractorFrames.ExtractorCWordCapCase,24,0,2,0,8,0,5,0,4,0
Stanford CoreNLP,edu.stanford.nlp.tagger.maxent,DataWordTag,21,0,0,0,8,0,4,0,4,0
Stanford CoreNLP,edu.stanford.nlp.tagger.maxent,ExtractorFrames.ExtractorTwoTags,76,0,0,0,12,0,7,0,7,0
Stanford CoreNLP,edu.stanford.nlp.tagger.maxent,ReadDataTagged,434,0,24,0,75,0,18,0,6,0
Stanford CoreNLP,edu.stanford.nlp.tagger.maxent,MaxentTagger.SentenceTaggingProcessor,19,0,0,0,6,0,3,0,3,0
Stanford CoreNLP,edu.stanford.nlp.tagger.maxent,TestSentence,2024,0,210,0,372,0,142,0,35,0
Stanford CoreNLP,edu.stanford.nlp.tagger.maxent,ExtractorFrenchAdjSuffix,3,3,0,0,1,1,1,1,1,1
Stanford CoreNLP,edu.stanford.nlp.tagger.maxent,CtbPreDetector,65,0,4,0,10,0,7,0,5,0
Stanford CoreNLP,edu.stanford.nlp.tagger.maxent,TaggerFeature,108,0,8,0,25,0,12,0,8,0
Stanford CoreNLP,edu.stanford.nlp.tagger.maxent,MaxentTaggerServer,217,0,18,0,52,0,13,0,4,0
Stanford CoreNLP,edu.stanford.nlp.tagger.maxent,ListInstances,82,0,2,0,21,0,8,0,7,0
Stanford CoreNLP,edu.stanford.nlp.tagger.maxent,LambdaSolveTagger,552,0,30,0,69,0,23,0,8,0
Stanford CoreNLP,edu.stanford.nlp.tagger.maxent,Extractors,186,125,17,11,35,23,15,11,6,6
Stanford CoreNLP,edu.stanford.nlp.tagger.maxent,TaggerFeatures,0,6,0,0,0,3,0,1,0,1
Stanford CoreNLP,edu.stanford.nlp.tagger.maxent,FeatureKey,136,0,14,0,27,0,15,0,8,0
Stanford CoreNLP,edu.stanford.nlp.tagger.maxent,TestClassifier.TestSentenceProcessor,24,0,0,0,8,0,3,0,3,0
Stanford CoreNLP,edu.stanford.nlp.tagger.maxent,CTBunkDictDetector,47,0,2,0,10,0,5,0,4,0
Stanford CoreNLP,edu.stanford.nlp.tagger.maxent,CompanyNameDetector,39,136,6,0,11,29,7,1,4,1
Stanford CoreNLP,edu.stanford.nlp.tagger.maxent,DictionaryExtractor,11,0,0,0,4,0,2,0,2,0
Stanford CoreNLP,edu.stanford.nlp.tagger.maxent,RareExtractor,155,3,40,0,41,2,29,1,9,1
Stanford CoreNLP,edu.stanford.nlp.tagger.maxent,AmbiguityClass,151,0,18,0,30,0,15,0,6,0
Stanford CoreNLP,edu.stanford.nlp.tagger.maxent,TaggerConfig.Mode,58,0,0,0,2,0,4,0,4,0
Stanford CoreNLP,edu.stanford.nlp.tagger.maxent,TestThreadedTagger,393,0,26,0,80,0,17,0,4,0
Stanford CoreNLP,edu.stanford.nlp.tagger.maxent,ExtractorFrames.ExtractorWordTag,40,8,0,0,2,3,2,1,2,1
Stanford CoreNLP,edu.stanford.nlp.tagger.maxent,ExtractorWordShapeConjunction,76,0,4,0,16,0,7,0,5,0
Stanford CoreNLP,edu.stanford.nlp.tagger.maxent,ExtractorFrames.ExtractorTwoWords,56,14,1,1,7,5,5,1,4,1
Stanford CoreNLP,edu.stanford.nlp.tagger.maxent,ExtractorFrames.ExtractorContinuousTagConjunction,22,38,5,5,4,9,3,4,0,2
Stanford CoreNLP,edu.stanford.nlp.tagger.maxent,TestThreadedTagger.TaggerThread,67,0,0,0,16,0,3,0,3,0
Stanford CoreNLP,edu.stanford.nlp.tagger.maxent,ExtractorFrenchPluralSuffix,3,3,0,0,1,1,1,1,1,1
Stanford CoreNLP,edu.stanford.nlp.tagger.maxent,ExtractorDistsimConjunction,74,0,4,0,17,0,7,0,5,0
Stanford CoreNLP,edu.stanford.nlp.tagger.maxent,ExtractorDistsim,28,0,2,0,7,0,5,0,4,0
Stanford CoreNLP,edu.stanford.nlp.tagger.maxent,MaxentTaggerGUI.new Thread() {...},25,0,0,0,4,0,3,0,3,0
Stanford CoreNLP,edu.stanford.nlp.tagger.maxent,MaxentTaggerGUI.new Thread() {...},43,0,2,0,13,0,3,0,2,0
Stanford CoreNLP,edu.stanford.nlp.tagger.maxent,MaxentTaggerGUI.new WindowAdapter() {...},9,0,0,0,3,0,2,0,2,0
Stanford CoreNLP,edu.stanford.nlp.tagger.maxent,CountWrapper,176,0,16,0,49,0,21,0,13,0
Stanford CoreNLP,edu.stanford.nlp.tagger.maxent,ExtractorCapDistLC,113,6,16,0,24,3,11,1,3,1
Stanford CoreNLP,edu.stanford.nlp.tagger.maxent,ExtractorSpanishAuxiliaryTag,33,0,6,0,6,0,6,0,3,0
Stanford CoreNLP,edu.stanford.nlp.tagger.maxent,MaxentTagger.new Object() {...},33,0,0,0,1,0,1,0,1,0
Stanford CoreNLP,edu.stanford.nlp.tagger.maxent,ExtractorUpperDigitDash,22,3,6,0,6,2,6,1,3,1
Stanford CoreNLP,edu.stanford.nlp.tagger.maxent,TaggerExperiments,1116,51,98,0,190,11,60,3,11,3
Stanford CoreNLP,edu.stanford.nlp.tagger.maxent,ExtractorWordSuff,50,9,4,0,7,4,6,1,4,1
Stanford CoreNLP,edu.stanford.nlp.tagger.maxent,ASBCunkDict,122,0,10,0,34,0,11,0,6,0
Stanford CoreNLP,edu.stanford.nlp.tagger.maxent,PairsHolder,58,62,6,4,14,8,12,4,7,4
Stanford CoreNLP,edu.stanford.nlp.tagger.maxent,ExtractorUCase,16,3,2,0,6,2,4,1,3,1
Stanford CoreNLP,edu.stanford.nlp.tagger.maxent,ExtractorSpanishGender,17,3,4,0,6,1,3,1,1,1
Stanford CoreNLP,edu.stanford.nlp.tagger.maxent,ExtractorSpanishImperfectErIrSuffix,3,3,0,0,1,1,1,1,1,1
Stanford CoreNLP,edu.stanford.nlp.tagger.maxent,ExtractorAllCap,16,3,2,0,6,2,4,1,3,1
Stanford CoreNLP,edu.stanford.nlp.tagger.maxent,CaselessCompanyNameDetector,34,28,4,2,9,7,6,2,4,1
Stanford CoreNLP,edu.stanford.nlp.tagger.maxent,TagCount,245,0,18,0,59,0,22,0,13,0
Stanford CoreNLP,edu.stanford.nlp.parser.charniak,CharniakParser,368,0,26,0,91,0,29,0,16,0
Stanford CoreNLP,edu.stanford.nlp.parser.charniak,CharniakScoredParsesReaderWriter,167,0,12,0,44,0,14,0,8,0
Stanford CoreNLP,edu.stanford.nlp.parser.charniak,CharniakScoredParsesReaderWriter.ScoredParsesIterator,283,0,28,0,66,0,19,0,5,0
Stanford CoreNLP,edu.stanford.nlp.trees.international.spanish,SpanishXMLTreeReader.new Runnable() {...},60,0,0,0,11,0,2,0,2,0
Stanford CoreNLP,edu.stanford.nlp.trees.international.spanish,SpanishTreebankLanguagePack,22,282,0,0,6,11,6,6,6,6
Stanford CoreNLP,edu.stanford.nlp.trees.international.spanish,SpanishHeadFinder,22,1336,0,0,6,39,1,4,1,4
Stanford CoreNLP,edu.stanford.nlp.trees.international.spanish,SpanishTreeNormalizer.new Object() {...},26,0,0,0,1,0,1,0,1,0
Stanford CoreNLP,edu.stanford.nlp.trees.international.spanish,SpanishTreeNormalizer.new TreeTransformer() {...},24,0,6,0,9,0,5,0,2,0
Stanford CoreNLP,edu.stanford.nlp.trees.international.spanish,SpanishTreeNormalizer.new Predicate() {...},16,0,4,0,5,0,4,0,2,0
Stanford CoreNLP,edu.stanford.nlp.trees.international.spanish,SpanishTreeReaderFactory,21,0,0,0,2,0,2,0,2,0
Stanford CoreNLP,edu.stanford.nlp.trees.international.spanish,SpanishSplitTreeNormalizer,22,0,0,0,7,0,3,0,3,0
Stanford CoreNLP,edu.stanford.nlp.trees.international.spanish,SpanishXMLTreeReaderFactory,50,0,0,0,10,0,4,0,4,0
Stanford CoreNLP,edu.stanford.nlp.trees.international.spanish,SpanishTreeNormalizer,1496,0,119,0,237,0,80,0,17,0
Stanford CoreNLP,edu.stanford.nlp.trees.international.spanish,SpanishHeadFinder.new TreeVisitor() {...},12,0,0,0,3,0,2,0,2,0
Stanford CoreNLP,edu.stanford.nlp.trees.international.spanish,SpanishXMLTreeReader,1155,0,180,0,247,0,108,0,18,0
Stanford CoreNLP,edu.stanford.nlp.parser.nndep.demo,DependencyParserCoreNLPDemo,94,0,4,0,14,0,5,0,3,0
Stanford CoreNLP,edu.stanford.nlp.parser.nndep.demo,DependencyParserDemo,123,0,14,0,23,0,11,0,3,0
Stanford CoreNLP,edu.stanford.nlp.ie.machinereading.domains.ace,AceReader,1255,0,110,0,228,0,71,0,16,0
Stanford CoreNLP,edu.stanford.nlp.ie.machinereading.structure,MachineReadingAnnotations.DocumentDirectoryAnnotation,5,0,0,0,2,0,2,0,2,0
Stanford CoreNLP,edu.stanford.nlp.ie.machinereading.structure,MachineReadingAnnotations.RelationMentionsAnnotation,7,0,0,0,2,0,2,0,2,0
Stanford CoreNLP,edu.stanford.nlp.ie.machinereading.structure,MachineReadingAnnotations.EventMentionsAnnotation,7,0,0,0,2,0,2,0,2,0
Stanford CoreNLP,edu.stanford.nlp.ie.machinereading.structure,EntityMentionFactory,14,0,0,0,2,0,2,0,2,0
Stanford CoreNLP,edu.stanford.nlp.ie.machinereading.structure,Entity,43,0,4,0,10,0,5,0,3,0
Stanford CoreNLP,edu.stanford.nlp.ie.machinereading.structure,ExtractionObject,486,0,64,0,91,0,57,0,25,0
Stanford CoreNLP,edu.stanford.nlp.ie.machinereading.structure,MachineReadingAnnotations.GenderAnnotation,5,0,0,0,2,0,2,0,2,0
Stanford CoreNLP,edu.stanford.nlp.ie.machinereading.structure,Span.new Iterator() {...},8,36,1,3,1,6,2,4,1,3
Stanford CoreNLP,edu.stanford.nlp.ie.machinereading.structure,MachineReadingAnnotations.AllRelationMentionsAnnotation,7,0,0,0,2,0,2,0,2,0
Stanford CoreNLP,edu.stanford.nlp.ie.machinereading.structure,ExtractionObject.CompByExtent,33,0,8,0,10,0,6,0,2,0
Stanford CoreNLP,edu.stanford.nlp.ie.machinereading.structure,Event,43,0,4,0,10,0,5,0,3,0
Stanford CoreNLP,edu.stanford.nlp.ie.machinereading.structure,MachineReadingAnnotations.DependencyAnnotation,5,0,0,0,2,0,2,0,2,0
Stanford CoreNLP,edu.stanford.nlp.ie.machinereading.structure,MachineReadingAnnotations.EntityMentionsAnnotation,7,0,0,0,2,0,2,0,2,0
Stanford CoreNLP,edu.stanford.nlp.ie.machinereading.structure,MachineReadingAnnotations.TriggerAnnotation,5,0,0,0,2,0,2,0,2,0
Stanford CoreNLP,edu.stanford.nlp.ie.machinereading.structure,Span,485,134,74,20,58,20,60,18,19,12
Stanford CoreNLP,edu.stanford.nlp.ie.machinereading.structure,MachineReadingAnnotations,3,0,0,0,1,0,1,0,1,0
Stanford CoreNLP,edu.stanford.nlp.ie.machinereading.structure,ExtractionDataSet,81,0,4,0,21,0,10,0,8,0
Stanford CoreNLP,edu.stanford.nlp.ie.machinereading.structure,EventMention,720,0,98,0,112,0,68,0,19,0
Stanford CoreNLP,edu.stanford.nlp.ie.machinereading.structure,Relation,43,0,4,0,12,0,5,0,3,0
Stanford CoreNLP,edu.stanford.nlp.ie.machinereading.structure,EntityMention.CompByHead,33,0,8,0,10,0,6,0,2,0
Stanford CoreNLP,edu.stanford.nlp.ie.machinereading.structure,MachineReadingAnnotations.DocumentIdAnnotation,5,0,0,0,2,0,2,0,2,0
Stanford CoreNLP,edu.stanford.nlp.ie.machinereading.structure,RelationMention,671,0,88,0,134,0,75,0,31,0
Stanford CoreNLP,edu.stanford.nlp.ie.machinereading.structure,AnnotationUtils,1136,0,136,0,233,0,103,0,35,0
Stanford CoreNLP,edu.stanford.nlp.ie.machinereading.structure,EntityMention,567,0,108,0,73,0,79,0,25,0
Stanford CoreNLP,edu.stanford.nlp.ie.machinereading.structure,RelationMentionFactory,18,0,0,0,4,0,2,0,2,0
Stanford CoreNLP,edu.stanford.nlp.ie.machinereading.structure,ExtractionSentence,357,0,22,0,78,0,31,0,20,0
Stanford CoreNLP,edu.stanford.nlp.semgraph.semgrex.ssurgeon,Ssurgeon.ArgsBox,99,0,6,0,18,0,6,0,3,0
Stanford CoreNLP,edu.stanford.nlp.semgraph.semgrex.ssurgeon,SsurgeonWordlist,89,0,6,0,23,0,8,0,5,0
Stanford CoreNLP,edu.stanford.nlp.semgraph.semgrex.ssurgeon,CollapseSubtree,191,0,16,0,35,0,12,0,4,0
Stanford CoreNLP,edu.stanford.nlp.semgraph.semgrex.ssurgeon,AddDep,265,56,6,0,60,15,9,2,6,2
Stanford CoreNLP,edu.stanford.nlp.semgraph.semgrex.ssurgeon,AddEdge,100,55,3,3,20,14,7,2,4,2
Stanford CoreNLP,edu.stanford.nlp.semgraph.semgrex.ssurgeon,AddNode,82,0,0,0,22,0,5,0,5,0
Stanford CoreNLP,edu.stanford.nlp.semgraph.semgrex.ssurgeon,Ssurgeon.RUNTYPE,38,0,0,0,3,0,4,0,4,0
Stanford CoreNLP,edu.stanford.nlp.semgraph.semgrex.ssurgeon,Ssurgeon.SsurgeonArgs,27,0,0,0,9,0,1,0,1,0
Stanford CoreNLP,edu.stanford.nlp.semgraph.semgrex.ssurgeon,SetRoots,62,0,4,0,16,0,6,0,4,0
Stanford CoreNLP,edu.stanford.nlp.semgraph.semgrex.ssurgeon,Ssurgeon,2077,0,194,0,386,0,135,0,29,0
Stanford CoreNLP,edu.stanford.nlp.semgraph.semgrex.ssurgeon,SsurgeonUtils,3,0,0,0,1,0,1,0,1,0
Stanford CoreNLP,edu.stanford.nlp.semgraph.semgrex.ssurgeon,KillAllIncomingEdges,53,0,2,0,12,0,4,0,3,0
Stanford CoreNLP,edu.stanford.nlp.semgraph.semgrex.ssurgeon,KillNonRootedNodes,50,0,4,0,13,0,5,0,3,0
Stanford CoreNLP,edu.stanford.nlp.semgraph.semgrex.ssurgeon,RemoveNamedEdge,58,43,1,1,12,12,5,2,4,2
Stanford CoreNLP,edu.stanford.nlp.semgraph.semgrex.ssurgeon,SsurgeonEdit,26,18,3,1,6,7,6,3,4,3
Stanford CoreNLP,edu.stanford.nlp.semgraph.semgrex.ssurgeon,DeleteGraphFromNode,33,95,3,9,7,25,5,7,2,4
Stanford CoreNLP,edu.stanford.nlp.semgraph.semgrex.ssurgeon,RemoveEdge,176,0,26,0,36,0,19,0,6,0
Stanford CoreNLP,edu.stanford.nlp.semgraph.semgrex.ssurgeon,SsurgeonPattern,331,113,26,8,88,33,31,7,17,4
Stanford CoreNLP,edu.stanford.nlp.international.spanish,SpanishVerbStripper.StrippedVerb,22,0,0,0,9,0,5,0,5,0
Stanford CoreNLP,edu.stanford.nlp.international.spanish,SpanishUnknownWordSignatures,13,91,0,8,3,20,3,16,3,12
Stanford CoreNLP,edu.stanford.nlp.international.spanish,SpanishVerbStripper,485,0,46,0,90,0,35,0,12,0
Stanford CoreNLP,edu.stanford.nlp.ling.tokensregex.demo,TokensRegexRetokenizeDemo,199,0,10,0,42,0,8,0,3,0
Stanford CoreNLP,edu.stanford.nlp.ling.tokensregex.demo,MyAnnotations.MyTypeAnnotation,7,0,0,0,2,0,2,0,2,0
Stanford CoreNLP,edu.stanford.nlp.ling.tokensregex.demo,MyAnnotations,3,0,0,0,2,0,1,0,1,0
Stanford CoreNLP,edu.stanford.nlp.ling.tokensregex.demo,MyAnnotations.MyTokensAnnotation,7,0,0,0,2,0,2,0,2,0
Stanford CoreNLP,edu.stanford.nlp.ling.tokensregex.demo,TokensRegexDemo,195,0,12,0,34,0,8,0,2,0
Stanford CoreNLP,edu.stanford.nlp.ling.tokensregex.demo,MyAnnotations.MyValueAnnotation,7,0,0,0,2,0,2,0,2,0
Stanford CoreNLP,edu.stanford.nlp.ling.tokensregex.demo,TokensRegexAnnotatorDemo,170,0,10,0,32,0,7,0,2,0
Stanford CoreNLP,edu.stanford.nlp.parser.shiftreduce.demo,ShiftReduceDemo,125,0,14,0,23,0,11,0,3,0
Stanford CoreNLP,edu.stanford.nlp.international.spanish.process,SpanishTokenizer,815,0,88,0,163,0,63,0,16,0
Stanford CoreNLP,edu.stanford.nlp.international.spanish.process,AnCoraPronounDisambiguator,1145,0,12,0,63,0,10,0,4,0
Stanford CoreNLP,edu.stanford.nlp.international.spanish.process,SpanishTokenizer.SpanishTokenizerFactory,296,0,44,0,51,0,36,0,8,0
Stanford CoreNLP,edu.stanford.nlp.international.spanish.process,SpanishLexer.UntokenizableOptions,78,0,0,0,1,0,4,0,4,0
Stanford CoreNLP,edu.stanford.nlp.international.spanish.process,SpanishLexer.new Object() {...},47,0,0,0,1,0,1,0,1,0
Stanford CoreNLP,edu.stanford.nlp.international.spanish.process,AnCoraPronounDisambiguator.PersonalPronounType,48,0,0,0,1,0,4,0,4,0
Stanford CoreNLP,edu.stanford.nlp.international.spanish.process,SpanishLexer,2287,0,326,0,529,0,239,0,40,0
Stanford CoreNLP,edu.stanford.nlp.ie.ner,CMMClassifier,3391,0,312,0,619,0,209,0,53,0
Stanford CoreNLP,edu.stanford.nlp.ie.ner,CMMClassifier.Scorer,398,0,44,0,78,0,32,0,10,0
Stanford CoreNLP,edu.stanford.nlp.loglinear.storage,ModelBatch,42,73,0,6,16,24,5,10,5,7
Stanford CoreNLP,edu.stanford.nlp.tagger.maxent.documentation,TaggerDemo,64,0,4,0,12,0,5,0,3,0
Stanford CoreNLP,edu.stanford.nlp.tagger.maxent.documentation,MulticoreWrapperDemo.new ThreadsafeProcessor() {...},13,0,0,0,3,0,3,0,3,0
Stanford CoreNLP,edu.stanford.nlp.tagger.maxent.documentation,TaggerDemo2,164,0,8,0,23,0,7,0,3,0
Stanford CoreNLP,edu.stanford.nlp.tagger.maxent.documentation,MulticoreWrapperDemo,90,0,8,0,21,0,7,0,3,0
Stanford CoreNLP,edu.stanford.nlp.coref.hybrid,HybridCorefPrinter,2094,0,199,0,260,0,111,0,10,0
Stanford CoreNLP,edu.stanford.nlp.coref.hybrid,HybridCorefSystem,795,0,68,0,149,0,49,0,15,0
Stanford CoreNLP,edu.stanford.nlp.coref.hybrid,HybridCorefProperties,538,0,26,0,76,0,65,0,52,0
Stanford CoreNLP,edu.stanford.nlp.coref.hybrid,HybridCorefSystem.new ThreadsafeProcessor() {...},29,0,0,0,9,0,3,0,3,0
Stanford CoreNLP,edu.stanford.nlp.coref.hybrid,HybridCorefPrinter.new Object() {...},33,0,0,0,1,0,1,0,1,0
Stanford CoreNLP,edu.stanford.nlp.pipeline.demo,StanfordCoreNlpDemo,300,0,20,0,61,0,12,0,2,0
Stanford CoreNLP,edu.stanford.nlp.util.logging,Redwood.Util,356,91,30,2,64,30,46,7,31,6
Stanford CoreNLP,edu.stanford.nlp.util.logging,RedwoodConfiguration.Handlers.1.new Redwood.FileHandler() {...},15,0,0,0,1,0,1,0,1,0
Stanford CoreNLP,edu.stanford.nlp.util.logging,VisibilityHandler.State,5,33,0,0,0,1,1,3,1,3
Stanford CoreNLP,edu.stanford.nlp.util.logging,RedirectOutputHandler,193,0,18,0,43,0,15,0,6,0
Stanford CoreNLP,edu.stanford.nlp.util.logging,RepeatedRecordHandler.RepeatedRecordInfo,0,24,0,0,0,8,0,1,0,1
Stanford CoreNLP,edu.stanford.nlp.util.logging,RedwoodConfiguration.new LogRecordHandler() {...},16,0,0,0,3,0,2,0,2,0
Stanford CoreNLP,edu.stanford.nlp.util.logging,RedwoodConfiguration.new LogFilter() {...},43,0,4,0,6,0,4,0,2,0
Stanford CoreNLP,edu.stanford.nlp.util.logging,RedwoodConfiguration.new Thread() {...},8,0,0,0,2,0,2,0,2,0
Stanford CoreNLP,edu.stanford.nlp.util.logging,Redwood.new Object() {...},4,29,0,0,0,1,0,1,0,1
Stanford CoreNLP,edu.stanford.nlp.util.logging,FilterHandler,46,0,12,0,12,0,8,0,2,0
Stanford CoreNLP,edu.stanford.nlp.util.logging,PrettyLogger,743,0,104,0,124,0,64,0,12,0
Stanford CoreNLP,edu.stanford.nlp.util.logging,Redwood.Util.new Iterator() {...},153,0,10,0,41,0,10,0,5,0
Stanford CoreNLP,edu.stanford.nlp.util.logging,RepeatedRecordHandler.PendingType,9,39,0,0,0,1,2,2,2,2
Stanford CoreNLP,edu.stanford.nlp.util.logging,SLF4JHandler.new Object() {...},6,41,0,0,0,1,0,1,0,1
Stanford CoreNLP,edu.stanford.nlp.util.logging,LogFilter.MatchesMessage,12,0,0,0,4,0,2,0,2,0
Stanford CoreNLP,edu.stanford.nlp.util.logging,OutputHandler.TrackInfo,0,12,0,0,0,5,0,1,0,1
Stanford CoreNLP,edu.stanford.nlp.util.logging,LogFilter.HasChannel,32,0,4,0,7,0,4,0,2,0
Stanford CoreNLP,edu.stanford.nlp.util.logging,Redwood.FileHandler,44,0,2,0,9,0,3,0,2,0
Stanford CoreNLP,edu.stanford.nlp.util.logging,Redwood.ConsoleHandler,15,11,0,0,4,4,3,2,3,2
Stanford CoreNLP,edu.stanford.nlp.util.logging,RedwoodConfiguration.Handlers.2.new Redwood.FileHandler() {...},15,0,0,0,1,0,1,0,1,0
Stanford CoreNLP,edu.stanford.nlp.util.logging,Style,33,89,4,0,5,5,5,2,3,2
Stanford CoreNLP,edu.stanford.nlp.util.logging,StanfordRedwoodConfiguration,42,0,4,0,15,0,6,0,4,0
Stanford CoreNLP,edu.stanford.nlp.util.logging,VisibilityHandler.new Object() {...},2,17,0,0,0,1,0,1,0,1
Stanford CoreNLP,edu.stanford.nlp.util.logging,LogRecordHandler,6,6,0,0,3,2,3,2,3,2
Stanford CoreNLP,edu.stanford.nlp.util.logging,RedwoodConfiguration,578,116,50,4,100,21,48,10,23,8
Stanford CoreNLP,edu.stanford.nlp.util.logging,Redwood.MessageType,5,53,0,0,0,1,1,3,1,3
Stanford CoreNLP,edu.stanford.nlp.util.logging,RedwoodConfiguration.Handlers,172,84,2,0,34,20,17,6,16,6
Stanford CoreNLP,edu.stanford.nlp.util.logging,JavaUtilLoggingHandler,43,0,6,0,14,0,7,0,2,0
Stanford CoreNLP,edu.stanford.nlp.util.logging,VisibilityHandler,143,67,21,6,27,20,17,7,2,7
Stanford CoreNLP,edu.stanford.nlp.util.logging,Redwood.Flag,5,73,0,0,0,7,1,3,1,3
Stanford CoreNLP,edu.stanford.nlp.util.logging,Redwood.Record,106,97,21,13,17,18,15,8,2,4
Stanford CoreNLP,edu.stanford.nlp.util.logging,Redwood.RecordHandlerTree.new Iterator() {...},136,0,28,0,22,0,18,0,4,0
Stanford CoreNLP,edu.stanford.nlp.util.logging,RerouteChannel,61,0,4,0,15,0,4,0,2,0
Stanford CoreNLP,edu.stanford.nlp.util.logging,RepeatedRecordHandler.ExactRepeatSemantics,40,3,10,0,5,1,9,1,4,1
Stanford CoreNLP,edu.stanford.nlp.util.logging,Redwood,2214,280,260,26,322,75,170,10,27,10
Stanford CoreNLP,edu.stanford.nlp.util.logging,Redwood.RecordHandlerTree,169,145,26,17,37,45,23,15,6,7
Stanford CoreNLP,edu.stanford.nlp.util.logging,JavaUtilLoggingAdaptor,200,0,14,0,49,0,10,0,3,0
Stanford CoreNLP,edu.stanford.nlp.util.logging,RepeatedRecordHandler.ApproximateRepeatSemantics,63,3,8,0,10,1,9,1,5,1
Stanford CoreNLP,edu.stanford.nlp.util.logging,Redwood.RedwoodChannels,208,53,0,0,23,10,18,4,18,4
Stanford CoreNLP,edu.stanford.nlp.util.logging,OutputHandler,735,341,115,39,132,80,70,20,6,7
Stanford CoreNLP,edu.stanford.nlp.util.logging,Color,33,111,4,0,5,6,5,2,3,2
Stanford CoreNLP,edu.stanford.nlp.util.logging,JavaUtilLoggingHandler.new Object() {...},47,0,0,0,1,0,1,0,1,0
Stanford CoreNLP,edu.stanford.nlp.util.logging,RepeatedRecordHandler,400,26,40,0,80,7,28,2,8,2
Stanford CoreNLP,edu.stanford.nlp.util.logging,BooleanLogRecordHandler,21,0,2,0,7,0,3,0,2,0
Stanford CoreNLP,edu.stanford.nlp.util.logging,NewlineLogFormatter,14,0,0,0,2,0,2,0,2,0
Stanford CoreNLP,edu.stanford.nlp.util.logging,SLF4JHandler,48,84,13,10,12,20,12,7,0,4
Stanford CoreNLP,edu.stanford.nlp.util.logging,RedwoodPrintStream,338,0,22,0,71,0,46,0,35,0
Stanford CoreNLP,edu.stanford.nlp.util.logging,RedwoodConfiguration.Handlers.new VisibilityHandler() {...},0,7,0,0,0,3,0,1,0,1
Stanford CoreNLP,edu.stanford.nlp.util.logging,RedwoodConfiguration.Handlers.new RedwoodConfiguration.Thunk() {...},11,3,0,0,2,1,1,1,1,1
Stanford CoreNLP,edu.stanford.nlp.util.logging,RedwoodConfiguration.Handlers.new VisibilityHandler() {...},10,17,1,1,1,3,1,1,0,1
Stanford CoreNLP,edu.stanford.nlp.util.logging,RedwoodConfiguration.Handlers.new VisibilityHandler() {...},0,9,0,0,0,4,0,1,0,1
Stanford CoreNLP,edu.stanford.nlp.util.logging,RedwoodConfiguration.Handlers.new RedwoodConfiguration.Thunk() {...},16,42,2,2,2,8,2,3,0,3
Stanford CoreNLP,edu.stanford.nlp.util.logging,RedwoodConfiguration.Handlers.new VisibilityHandler() {...},29,0,2,0,5,0,2,0,1,0
Stanford CoreNLP,edu.stanford.nlp.util.logging,RedwoodConfiguration.Handlers.new RedwoodConfiguration.Thunk() {...},16,0,0,0,3,0,2,0,2,0
Stanford CoreNLP,edu.stanford.nlp.util.logging,JavaUtilLoggingAdaptor.RedwoodHandler,54,0,8,0,16,0,8,0,4,0
Stanford CoreNLP,edu.stanford.nlp.util.logging,LogFilter.ContainsMessage,15,0,0,0,5,0,2,0,2,0
Stanford CoreNLP,edu.stanford.nlp.ling.tokensregex.parser,TokenSequenceParser,8077,1972,1243,151,1683,300,945,78,241,37
Stanford CoreNLP,edu.stanford.nlp.ling.tokensregex.parser,TokenSequenceParseException,12,0,0,0,4,0,3,0,3,0
Stanford CoreNLP,edu.stanford.nlp.ling.tokensregex.parser,TokenMgrError,173,0,18,0,37,0,19,0,6,0
Stanford CoreNLP,edu.stanford.nlp.ling.tokensregex.parser,SimpleCharStream,790,266,45,15,134,60,51,16,24,12
Stanford CoreNLP,edu.stanford.nlp.ling.tokensregex.parser,ParseException,367,0,32,0,66,0,25,0,5,0
Stanford CoreNLP,edu.stanford.nlp.ling.tokensregex.parser,TokenSequenceParser.LookaheadSuccess,0,3,0,0,0,1,0,1,0,1
Stanford CoreNLP,edu.stanford.nlp.ling.tokensregex.parser,TokenSequenceParser.JJCalls,0,3,0,0,0,1,0,1,0,1
Stanford CoreNLP,edu.stanford.nlp.ling.tokensregex.parser,TokenSequenceParserConstants,224,0,0,0,1,0,1,0,1,0
Stanford CoreNLP,edu.stanford.nlp.ling.tokensregex.parser,TokenSequenceParserTokenManager,1590,1301,375,146,384,233,266,81,13,16
Stanford CoreNLP,edu.stanford.nlp.ling.tokensregex.parser,Token,14,20,0,0,5,7,4,3,4,3
Stanford CoreNLP,edu.stanford.nlp.trees.international.french,FrenchTreeReaderFactory,19,0,0,0,2,0,2,0,2,0
Stanford CoreNLP,edu.stanford.nlp.trees.international.french,DybroFrenchHeadFinder,34,1525,0,0,12,28,3,1,3,1
Stanford CoreNLP,edu.stanford.nlp.trees.international.french,FrenchXMLTreeReaderFactory,13,0,0,0,4,0,2,0,2,0
Stanford CoreNLP,edu.stanford.nlp.trees.international.french,FrenchXMLTreeReader,847,0,108,0,164,0,67,0,13,0
Stanford CoreNLP,edu.stanford.nlp.trees.international.french,FrenchTreeNormalizer.FrenchAOverAFilter,42,0,14,0,6,0,9,0,2,0
Stanford CoreNLP,edu.stanford.nlp.trees.international.french,FrenchTreeNormalizer.new Predicate() {...},25,0,6,0,4,0,5,0,2,0
Stanford CoreNLP,edu.stanford.nlp.trees.international.french,FrenchHeadFinder,1032,0,0,0,41,0,4,0,4,0
Stanford CoreNLP,edu.stanford.nlp.trees.international.french,AbishekFrenchHeadFinder,897,0,0,0,40,0,4,0,4,0
Stanford CoreNLP,edu.stanford.nlp.trees.international.french,FrenchTreebankLanguagePack,22,180,0,0,7,12,7,7,7,7
Stanford CoreNLP,edu.stanford.nlp.trees.international.french,FrenchTreeNormalizer,354,0,54,0,63,0,34,0,7,0
Stanford CoreNLP,edu.stanford.nlp.ie.machinereading.domains.ace.reader,AceSentenceSegmenter,241,0,26,0,44,0,18,0,5,0
Stanford CoreNLP,edu.stanford.nlp.ie.machinereading.domains.ace.reader,AceDocument,2068,0,220,0,396,0,162,0,52,0
Stanford CoreNLP,edu.stanford.nlp.ie.machinereading.domains.ace.reader,AceEventMentionArgument,6,0,0,0,2,0,1,0,1,0
Stanford CoreNLP,edu.stanford.nlp.ie.machinereading.domains.ace.reader,AceRelation,213,0,4,0,33,0,11,0,9,0
Stanford CoreNLP,edu.stanford.nlp.ie.machinereading.domains.ace.reader,RobustTokenizer,1619,0,52,0,264,0,62,0,36,0
Stanford CoreNLP,edu.stanford.nlp.ie.machinereading.domains.ace.reader,AceEvent,88,0,0,0,26,0,16,0,16,0
Stanford CoreNLP,edu.stanford.nlp.ie.machinereading.domains.ace.reader,AceMention,12,0,0,0,5,0,3,0,3,0
Stanford CoreNLP,edu.stanford.nlp.ie.machinereading.domains.ace.reader,AceEventMention,163,0,12,0,38,0,18,0,12,0
Stanford CoreNLP,edu.stanford.nlp.ie.machinereading.domains.ace.reader,AceDomReader,514,0,26,0,112,0,21,0,8,0
Stanford CoreNLP,edu.stanford.nlp.ie.machinereading.domains.ace.reader,AceEntityMention,331,0,16,0,66,0,29,0,21,0
Stanford CoreNLP,edu.stanford.nlp.ie.machinereading.domains.ace.reader,AceEntity,127,0,2,0,29,0,11,0,10,0
Stanford CoreNLP,edu.stanford.nlp.ie.machinereading.domains.ace.reader,RobustTokenizer.AbbreviationMap,1779,0,4,0,8,0,5,0,3,0
Stanford CoreNLP,edu.stanford.nlp.ie.machinereading.domains.ace.reader,AceCharSeq,283,0,22,0,52,0,24,0,13,0
Stanford CoreNLP,edu.stanford.nlp.ie.machinereading.domains.ace.reader,RobustTokenizer.WordToken,96,0,0,0,29,0,11,0,11,0
Stanford CoreNLP,edu.stanford.nlp.ie.machinereading.domains.ace.reader,AceToken,843,0,86,0,195,0,81,0,38,0
Stanford CoreNLP,edu.stanford.nlp.ie.machinereading.domains.ace.reader,AceRelationMention,262,0,8,0,44,0,17,0,13,0
Stanford CoreNLP,edu.stanford.nlp.ie.machinereading.domains.ace.reader,AceElement,21,0,2,0,7,0,4,0,3,0
Stanford CoreNLP,edu.stanford.nlp.ie.machinereading.domains.ace.reader,MatchException,4,0,0,0,1,0,1,0,1,0
Stanford CoreNLP,edu.stanford.nlp.ie.machinereading.domains.ace.reader,AceMentionArgument,123,0,0,0,21,0,5,0,5,0
Stanford CoreNLP,edu.stanford.nlp.ie.machinereading.domains.ace.reader,AceRelationMentionArgument,6,0,0,0,2,0,1,0,1,0
Stanford CoreNLP,edu.stanford.nlp.international.arabic.parsesegment,JointParsingModel.GenericLatticeScorer,136,0,12,0,19,0,13,0,7,0
Stanford CoreNLP,edu.stanford.nlp.international.arabic.parsesegment,JointParser,369,0,20,0,64,0,15,0,5,0
Stanford CoreNLP,edu.stanford.nlp.international.arabic.parsesegment,JointParsingModel,1128,0,62,0,170,0,42,0,11,0
Stanford CoreNLP,edu.stanford.nlp.ie.machinereading.common,NoPunctuationHeadFinder,69,0,10,0,20,0,10,0,5,0
Stanford CoreNLP,edu.stanford.nlp.ie.machinereading.common,SimpleTokenize,285,0,38,0,59,0,29,0,10,0
Stanford CoreNLP,edu.stanford.nlp.ie.machinereading.common,StringDictionary.IndexAndCount,9,0,0,0,4,0,1,0,1,0
Stanford CoreNLP,edu.stanford.nlp.ie.machinereading.common,DomReader,202,0,34,0,60,0,24,0,7,0
Stanford CoreNLP,edu.stanford.nlp.ie.machinereading.common,StringDictionary,453,0,32,0,77,0,30,0,14,0
Stanford CoreNLP,edu.stanford.nlp.util.concurrent,InterruptibleMulticoreWrapper.FixedNamedThreadPoolExecutor,19,0,0,0,4,0,3,0,3,0
Stanford CoreNLP,edu.stanford.nlp.util.concurrent,InterruptibleMulticoreWrapper.NamedTask,19,0,2,0,6,0,2,0,1,0
Stanford CoreNLP,edu.stanford.nlp.util.concurrent,ConcurrentHashCounter,396,0,48,0,95,0,50,0,26,0
Stanford CoreNLP,edu.stanford.nlp.util.concurrent,ConcurrentHashCounter.2.new Iterator() {...},29,0,0,0,6,0,4,0,4,0
Stanford CoreNLP,edu.stanford.nlp.util.concurrent,InterruptibleMulticoreWrapper,150,0,18,0,36,0,15,0,6,0
Stanford CoreNLP,edu.stanford.nlp.util.concurrent,ConcurrentHashCounter.new AbstractSet() {...},16,0,0,0,3,0,3,0,3,0
Stanford CoreNLP,edu.stanford.nlp.util.concurrent,ConcurrentHashCounter.new Collection() {...},96,0,8,0,20,0,18,0,14,0
Stanford CoreNLP,edu.stanford.nlp.util.concurrent,ConcurrentHashCounter.new Factory() {...},10,0,0,0,2,0,2,0,2,0
Stanford CoreNLP,edu.stanford.nlp.util.concurrent,MulticoreWrapper.QueueItem,31,9,6,0,6,4,6,1,3,1
Stanford CoreNLP,edu.stanford.nlp.util.concurrent,AtomicDouble,129,0,4,0,44,0,20,0,18,0
Stanford CoreNLP,edu.stanford.nlp.util.concurrent,ConcurrentHashIndex.new AbstractList() {...},4,17,0,0,1,2,1,2,1,2
Stanford CoreNLP,edu.stanford.nlp.util.concurrent,ConcurrentHashIndex.new Iterator() {...},6,32,1,1,1,5,2,3,1,3
Stanford CoreNLP,edu.stanford.nlp.util.concurrent,MulticoreWrapper,99,241,7,15,16,50,8,15,2,10
Stanford CoreNLP,edu.stanford.nlp.util.concurrent,MulticoreWrapper.CallableJob,20,41,0,0,5,11,0,2,0,2
Stanford CoreNLP,edu.stanford.nlp.util.concurrent,ConcurrentHashCounter.3.1.new Map.Entry() {...},50,0,0,0,8,0,4,0,4,0
Stanford CoreNLP,edu.stanford.nlp.util.concurrent,ConcurrentHashCounter.3.new Iterator() {...},27,0,0,0,5,0,4,0,4,0
Stanford CoreNLP,edu.stanford.nlp.util.concurrent,ConcurrentHashIndex,277,159,35,11,52,35,31,13,9,12
Stanford CoreNLP,edu.stanford.nlp.util.concurrent,SynchronizedInterner,195,50,13,1,37,14,14,5,7,5
Stanford CoreNLP,edu.stanford.nlp.time,SUTime.IsoTime,124,127,24,6,26,31,19,4,4,4
Stanford CoreNLP,edu.stanford.nlp.time,TimeAnnotations.TimexAnnotation,5,0,0,0,2,0,2,0,2,0
Stanford CoreNLP,edu.stanford.nlp.time,TimeExpression.TimeIndexAnnotation,5,0,0,0,2,0,2,0,2,0
Stanford CoreNLP,edu.stanford.nlp.time,Timex,1328,0,136,0,244,0,95,0,27,0
Stanford CoreNLP,edu.stanford.nlp.time,JodaTimeUtils,1781,1168,373,146,304,238,231,73,18,25
Stanford CoreNLP,edu.stanford.nlp.time,TimeFormatter.DateTimeFieldComponent,59,0,6,0,13,0,7,0,4,0
Stanford CoreNLP,edu.stanford.nlp.time,GUTimeAnnotator,895,0,68,0,193,0,46,0,12,0
Stanford CoreNLP,edu.stanford.nlp.time,JollyDayHolidays.JollyHoliday,154,0,18,0,36,0,22,0,13,0
Stanford CoreNLP,edu.stanford.nlp.time,SUTime.RelativeTime,407,96,71,5,85,29,53,7,16,6
Stanford CoreNLP,edu.stanford.nlp.time,TimeAnnotations,3,0,0,0,2,0,1,0,1,0
Stanford CoreNLP,edu.stanford.nlp.time,JollyDayHolidays.MyXMLManager,6,0,0,0,2,0,2,0,2,0
Stanford CoreNLP,edu.stanford.nlp.time,TimeFormatter,609,0,126,0,169,0,84,0,8,0
Stanford CoreNLP,edu.stanford.nlp.time,Options.RelativeHeuristicLevel,48,0,0,0,1,0,4,0,4,0
Stanford CoreNLP,edu.stanford.nlp.time,TimeAnnotator,205,0,20,0,51,0,19,0,9,0
Stanford CoreNLP,edu.stanford.nlp.time,Timex.Range,12,0,0,0,5,0,1,0,1,0
Stanford CoreNLP,edu.stanford.nlp.time,TimeFormatter.RegexComponent,14,0,0,0,5,0,2,0,2,0
Stanford CoreNLP,edu.stanford.nlp.time,SUTime.TimexAttr,148,0,0,0,2,0,4,0,4,0
Stanford CoreNLP,edu.stanford.nlp.time,GenericTimeExpressionPatterns,446,0,22,0,67,0,15,0,4,0
Stanford CoreNLP,edu.stanford.nlp.time,ParsedGigawordReader,337,0,18,0,69,0,15,0,6,0
Stanford CoreNLP,edu.stanford.nlp.time,JodaTimeUtils.new DurationFieldType() {...},0,12,0,0,0,2,0,2,0,2
Stanford CoreNLP,edu.stanford.nlp.time,JodaTimeUtils.new DateTimeFieldType() {...},0,24,0,0,0,4,0,4,0,4
Stanford CoreNLP,edu.stanford.nlp.time,JodaTimeUtils.new DurationFieldType() {...},8,4,0,0,1,1,1,1,1,1
Stanford CoreNLP,edu.stanford.nlp.time,JodaTimeUtils.new DurationFieldType() {...},8,4,0,0,1,1,1,1,1,1
Stanford CoreNLP,edu.stanford.nlp.time,JodaTimeUtils.new DurationFieldType() {...},8,4,0,0,1,1,1,1,1,1
Stanford CoreNLP,edu.stanford.nlp.time,JodaTimeUtils.new DateTimeFieldType() {...},20,4,0,0,3,1,3,1,3,1
Stanford CoreNLP,edu.stanford.nlp.time,JodaTimeUtils.new DateTimeFieldType() {...},20,4,0,0,3,1,3,1,3,1
Stanford CoreNLP,edu.stanford.nlp.time,JodaTimeUtils.new DateTimeFieldType() {...},20,4,0,0,3,1,3,1,3,1
Stanford CoreNLP,edu.stanford.nlp.time,JodaTimeUtils.new DateTimeFieldType() {...},20,4,0,0,3,1,3,1,3,1
Stanford CoreNLP,edu.stanford.nlp.time,SUTime.InexactTime,249,138,47,11,50,44,32,12,4,11
Stanford CoreNLP,edu.stanford.nlp.time,SUTime.TimeWithRange,124,35,22,2,27,10,17,4,5,4
Stanford CoreNLP,edu.stanford.nlp.time,SUTime.IsoDateTime,23,0,2,0,6,0,3,0,2,0
Stanford CoreNLP,edu.stanford.nlp.time,TimeExpression.Annotation,5,0,0,0,2,0,2,0,2,0
Stanford CoreNLP,edu.stanford.nlp.time,SUTimeMain.InputType,68,0,0,0,1,0,4,0,4,0
Stanford CoreNLP,edu.stanford.nlp.time,TimeFormatter.LiteralComponent,15,0,0,0,5,0,2,0,2,0
Stanford CoreNLP,edu.stanford.nlp.time,SUTime.InexactDuration,26,9,0,0,8,4,3,1,3,1
Stanford CoreNLP,edu.stanford.nlp.time,TimeFormatter.RelaxedNumericDateComponent,119,0,14,0,20,0,10,0,3,0
Stanford CoreNLP,edu.stanford.nlp.time,HeidelTimeAnnotator,675,0,52,0,141,0,37,0,11,0
Stanford CoreNLP,edu.stanford.nlp.time,SUTimeMain.TimebankSent,114,0,10,0,27,0,7,0,2,0
Stanford CoreNLP,edu.stanford.nlp.time,TimeFormatter.TimeZoneIdComponent,65,0,4,0,20,0,7,0,5,0
Stanford CoreNLP,edu.stanford.nlp.time,TimeFormatter.TimeZoneComponent,190,0,10,0,41,0,11,0,6,0
Stanford CoreNLP,edu.stanford.nlp.time,SUTime.TemporalOp.new SUTime.TemporalOp() {...},20,6,6,0,8,1,4,1,1,1
Stanford CoreNLP,edu.stanford.nlp.time,SUTime.TemporalOp.new SUTime.TemporalOp() {...},26,6,4,0,5,1,3,1,1,1
Stanford CoreNLP,edu.stanford.nlp.time,SUTime.TemporalOp.new SUTime.TemporalOp() {...},69,6,14,0,15,1,8,1,1,1
Stanford CoreNLP,edu.stanford.nlp.time,SUTime.TemporalOp.new SUTime.TemporalOp() {...},42,6,8,0,9,1,5,1,1,1
Stanford CoreNLP,edu.stanford.nlp.time,SUTime.TemporalOp.new SUTime.TemporalOp() {...},39,23,7,3,4,4,5,2,0,2
Stanford CoreNLP,edu.stanford.nlp.time,SUTime.TemporalOp.new SUTime.TemporalOp() {...},30,6,4,0,5,1,3,1,1,1
Stanford CoreNLP,edu.stanford.nlp.time,SUTime.TemporalOp.new SUTime.TemporalOp() {...},25,29,2,4,2,6,2,3,0,2
Stanford CoreNLP,edu.stanford.nlp.time,SUTime.TemporalOp.new SUTime.TemporalOp() {...},69,6,14,0,15,1,8,1,1,1
Stanford CoreNLP,edu.stanford.nlp.time,TimeExpression,150,0,18,0,41,0,20,0,11,0
Stanford CoreNLP,edu.stanford.nlp.time,SUTime.TemporalOp.new SUTime.TemporalOp() {...},22,26,4,4,3,7,4,2,0,2
Stanford CoreNLP,edu.stanford.nlp.time,TimeFormatter.ApplyActionWrapper,34,0,2,0,9,0,3,0,2,0
Stanford CoreNLP,edu.stanford.nlp.time,JollyDayHolidays,398,0,34,0,76,0,29,0,12,0
Stanford CoreNLP,edu.stanford.nlp.time,SUTime.IsoDate,363,73,62,6,78,21,43,5,11,3
Stanford CoreNLP,edu.stanford.nlp.time,SUTime.SimpleTime,24,6,4,0,7,3,4,1,2,1
Stanford CoreNLP,edu.stanford.nlp.time,SUTime.OrdinalTime,153,0,24,0,34,0,18,0,6,0
Stanford CoreNLP,edu.stanford.nlp.time,SUTime.TimexType,9,49,0,0,0,2,2,2,2,2
Stanford CoreNLP,edu.stanford.nlp.time,SUTime,320,950,50,0,57,109,29,4,4,4
Stanford CoreNLP,edu.stanford.nlp.time,SUTimeMain.TimebankTimex,24,0,4,0,8,0,3,0,1,0
Stanford CoreNLP,edu.stanford.nlp.time,SUTime.Range,387,284,79,33,73,60,62,23,13,16
Stanford CoreNLP,edu.stanford.nlp.time,SUTime.DurationRange,189,0,26,0,39,0,22,0,9,0
Stanford CoreNLP,edu.stanford.nlp.time,SUTimeSimpleParser.SUTimeParsingError,18,0,0,0,4,0,2,0,2,0
Stanford CoreNLP,edu.stanford.nlp.time,SUTime.TimexMod,12,166,0,0,1,7,3,3,3,3
Stanford CoreNLP,edu.stanford.nlp.time,TimexTreeAnnotator.MatchType,38,0,0,0,1,0,4,0,4,0
Stanford CoreNLP,edu.stanford.nlp.time,SUTime.new SUTime.DurationWithFields() {...},7,4,0,0,1,1,1,1,1,1
Stanford CoreNLP,edu.stanford.nlp.time,SUTime.new SUTime.RefTime() {...},0,4,0,0,0,1,0,1,0,1
Stanford CoreNLP,edu.stanford.nlp.time,SUTime.new SUTime.DurationWithFields() {...},11,4,0,0,1,1,1,1,1,1
Stanford CoreNLP,edu.stanford.nlp.time,SUTime.new SUTime.DurationWithFields() {...},7,4,0,0,1,1,1,1,1,1
Stanford CoreNLP,edu.stanford.nlp.time,TimeExpressionExtractorImpl,759,14,109,1,168,2,69,1,14,1
Stanford CoreNLP,edu.stanford.nlp.time,JodaTimeUtils.new DateTimeFieldType() {...},12,4,0,0,3,1,3,1,3,1
Stanford CoreNLP,edu.stanford.nlp.time,JodaTimeUtils.new DateTimeFieldType() {...},12,4,0,0,3,1,3,1,3,1
Stanford CoreNLP,edu.stanford.nlp.time,SUTime.GroundedTime,110,0,8,0,32,0,18,0,14,0
Stanford CoreNLP,edu.stanford.nlp.time,SUTime.StandardTemporalType.new SUTime.StandardTemporalType() {...},0,12,0,0,0,2,0,2,0,2
Stanford CoreNLP,edu.stanford.nlp.time,SUTime.StandardTemporalType.new SUTime.StandardTemporalType() {...},3,9,0,0,1,1,1,1,1,1
Stanford CoreNLP,edu.stanford.nlp.time,SUTime.StandardTemporalType.new SUTime.StandardTemporalType() {...},9,9,0,0,1,1,1,1,1,1
Stanford CoreNLP,edu.stanford.nlp.time,SUTime.StandardTemporalType.new SUTime.StandardTemporalType() {...},9,9,0,0,1,1,1,1,1,1
Stanford CoreNLP,edu.stanford.nlp.time,SUTime.StandardTemporalType.new SUTime.StandardTemporalType() {...},9,9,0,0,1,1,1,1,1,1
Stanford CoreNLP,edu.stanford.nlp.time,SUTime.StandardTemporalType.new SUTime.StandardTemporalType() {...},9,9,0,0,1,1,1,1,1,1
Stanford CoreNLP,edu.stanford.nlp.time,SUTime.StandardTemporalType.new SUTime.StandardTemporalType() {...},9,9,0,0,1,1,1,1,1,1
Stanford CoreNLP,edu.stanford.nlp.time,SUTime.StandardTemporalType.new SUTime.StandardTemporalType() {...},7,9,0,0,1,1,1,1,1,1
Stanford CoreNLP,edu.stanford.nlp.time,SUTime.StandardTemporalType.new SUTime.StandardTemporalType() {...},3,9,0,0,1,1,1,1,1,1
Stanford CoreNLP,edu.stanford.nlp.time,SUTime.CompositePartialTime,417,366,105,53,91,84,76,17,5,9
Stanford CoreNLP,edu.stanford.nlp.time,TimexTreeAnnotator,279,0,21,0,48,0,22,0,11,0
Stanford CoreNLP,edu.stanford.nlp.time,TimeFormatter.TimePatternExtractRuleCreator,244,0,18,0,39,0,13,0,4,0
Stanford CoreNLP,edu.stanford.nlp.time,SUTimeMain.EvalStats,18,0,0,0,4,0,1,0,1,0
Stanford CoreNLP,edu.stanford.nlp.time,TimeFormatter.CustomDateFormatExtractor,98,0,10,0,26,0,9,0,4,0
Stanford CoreNLP,edu.stanford.nlp.time,ParsedGigawordReader.new Iterator() {...},162,0,20,0,36,0,17,0,7,0
Stanford CoreNLP,edu.stanford.nlp.time,SUTime.ExplicitTemporalSet,155,7,20,0,40,3,20,1,10,1
Stanford CoreNLP,edu.stanford.nlp.time,TimeExpression.ChildrenAnnotation,7,0,0,0,2,0,2,0,2,0
Stanford CoreNLP,edu.stanford.nlp.time,SUTimeMain.TimexAttributes,17,0,0,0,6,0,1,0,1,0
Stanford CoreNLP,edu.stanford.nlp.time,TimeFormatter.JodaDateTimeFormatExtractor,40,0,0,0,12,0,4,0,4,0
Stanford CoreNLP,edu.stanford.nlp.time,SUTime.PeriodicTemporalSet,254,15,28,0,44,6,27,1,13,1
Stanford CoreNLP,edu.stanford.nlp.time,TimeFormatter.TimeZoneOffsetComponent,205,0,34,0,46,0,22,0,5,0
Stanford CoreNLP,edu.stanford.nlp.time,SUTime.new SUTime.InexactTime() {...},2,6,0,0,1,1,1,1,1,1
Stanford CoreNLP,edu.stanford.nlp.time,SUTime.new Object() {...},5,35,0,0,0,1,0,1,0,1
Stanford CoreNLP,edu.stanford.nlp.time,SUTime.DurationWithFields,142,186,29,23,36,40,24,12,3,7
Stanford CoreNLP,edu.stanford.nlp.time,TimeFormatter.TextDateComponent,157,0,10,0,35,0,10,0,5,0
Stanford CoreNLP,edu.stanford.nlp.time,GenericTimeExpressionPatterns.new ValueFunctions.NamedValueFunction() {...},62,0,8,0,10,0,7,0,3,0
Stanford CoreNLP,edu.stanford.nlp.time,GenericTimeExpressionPatterns.new ValueFunctions.NamedValueFunction() {...},231,0,44,0,42,0,25,0,3,0
Stanford CoreNLP,edu.stanford.nlp.time,GenericTimeExpressionPatterns.new ValueFunctions.NamedValueFunction() {...},318,0,48,0,50,0,28,0,4,0
Stanford CoreNLP,edu.stanford.nlp.time,GenericTimeExpressionPatterns.new ValueFunctions.NamedValueFunction() {...},62,0,8,0,10,0,7,0,3,0
Stanford CoreNLP,edu.stanford.nlp.time,GenericTimeExpressionPatterns.new ValueFunctions.NamedValueFunction() {...},154,0,24,0,26,0,15,0,3,0
Stanford CoreNLP,edu.stanford.nlp.time,SUTime.TemporalOp,58,195,2,0,5,20,6,3,5,3
Stanford CoreNLP,edu.stanford.nlp.time,TimeFormatter.FormatterBuilder,516,0,8,0,131,0,49,0,45,0
Stanford CoreNLP,edu.stanford.nlp.time,SUTime.Time,240,140,56,14,69,40,50,14,19,9
Stanford CoreNLP,edu.stanford.nlp.time,TimeFormatter.FormatComponent,61,0,8,0,17,0,9,0,5,0
Stanford CoreNLP,edu.stanford.nlp.time,SUTime.StandardTemporalType,74,205,4,0,18,26,8,7,6,7
Stanford CoreNLP,edu.stanford.nlp.time,SUTime.Duration,207,234,57,37,60,60,54,18,15,10
Stanford CoreNLP,edu.stanford.nlp.time,TimeExpressionExtractorFactory,59,9,0,0,16,4,8,2,8,2
Stanford CoreNLP,edu.stanford.nlp.time,TimeAnnotations.TimexAnnotations,7,0,0,0,2,0,2,0,2,0
Stanford CoreNLP,edu.stanford.nlp.time,SUTimeSimpleParser,263,0,26,0,52,0,20,0,7,0
Stanford CoreNLP,edu.stanford.nlp.time,SUTime.TimexDocFunc,88,0,0,0,2,0,4,0,4,0
Stanford CoreNLP,edu.stanford.nlp.time,SUTime.new SUTime.DurationWithFields() {...},0,19,0,0,0,2,0,2,0,2
Stanford CoreNLP,edu.stanford.nlp.time,SUTime.new SUTime.DurationWithFields() {...},0,19,0,0,0,2,0,2,0,2
Stanford CoreNLP,edu.stanford.nlp.time,SUTime.new SUTime.DurationWithFields() {...},0,11,0,0,0,2,0,2,0,2
Stanford CoreNLP,edu.stanford.nlp.time,SUTime.new SUTime.DurationWithFields() {...},0,11,0,0,0,2,0,2,0,2
Stanford CoreNLP,edu.stanford.nlp.time,SUTime.new SUTime.DurationWithFields() {...},11,4,0,0,1,1,1,1,1,1
Stanford CoreNLP,edu.stanford.nlp.time,SUTime.new SUTime.DurationWithFields() {...},0,11,0,0,0,2,0,2,0,2
Stanford CoreNLP,edu.stanford.nlp.time,SUTime.new SUTime.DurationWithFields() {...},7,4,0,0,1,1,1,1,1,1
Stanford CoreNLP,edu.stanford.nlp.time,SUTime.new SUTime.DurationWithFields() {...},11,4,0,0,1,1,1,1,1,1
Stanford CoreNLP,edu.stanford.nlp.time,SUTime.new SUTime.DurationWithFields() {...},11,4,0,0,1,1,1,1,1,1
Stanford CoreNLP,edu.stanford.nlp.time,SUTime.TemporalOp.new SUTime.TemporalOp() {...},50,6,12,0,9,1,7,1,1,1
Stanford CoreNLP,edu.stanford.nlp.time,SUTime.TemporalOp.new SUTime.TemporalOp() {...},96,6,22,0,14,1,14,1,3,1
Stanford CoreNLP,edu.stanford.nlp.time,SUTime.TemporalOp.new SUTime.TemporalOp() {...},62,6,16,0,11,1,9,1,1,1
Stanford CoreNLP,edu.stanford.nlp.time,SUTime.TemporalOp.new SUTime.TemporalOp() {...},50,6,12,0,9,1,7,1,1,1
Stanford CoreNLP,edu.stanford.nlp.time,SUTime.TemporalOp.new SUTime.TemporalOp() {...},62,6,16,0,11,1,9,1,1,1
Stanford CoreNLP,edu.stanford.nlp.time,SUTime.TemporalOp.new SUTime.TemporalOp() {...},41,6,6,0,5,1,5,1,2,1
Stanford CoreNLP,edu.stanford.nlp.time,SUTime.TemporalOp.new SUTime.TemporalOp() {...},37,21,7,3,4,4,5,2,0,2
Stanford CoreNLP,edu.stanford.nlp.time,SUTime.TemporalOp.new SUTime.TemporalOp() {...},96,6,22,0,14,1,14,1,3,1
Stanford CoreNLP,edu.stanford.nlp.time,SUTime.TemporalOp.new SUTime.TemporalOp() {...},86,6,14,0,9,1,9,1,2,1
Stanford CoreNLP,edu.stanford.nlp.time,SUTime.TemporalSet,6,3,0,0,3,2,2,1,2,1
Stanford CoreNLP,edu.stanford.nlp.time,TimeFormatter.NumericDateComponent,86,0,10,0,18,0,8,0,3,0
Stanford CoreNLP,edu.stanford.nlp.time,SUTime.Temporal,201,97,24,4,50,28,31,15,18,14
Stanford CoreNLP,edu.stanford.nlp.time,TimeFormatter.JavaDateFormatExtractor,40,0,0,0,9,0,3,0,3,0
Stanford CoreNLP,edu.stanford.nlp.time,Options,315,0,10,0,45,0,8,0,3,0
Stanford CoreNLP,edu.stanford.nlp.time,GenericTimeExpressionPatterns.TimexTypeMatchNodePattern,21,0,4,0,6,0,4,0,2,0
Stanford CoreNLP,edu.stanford.nlp.time,SUTimeMain.new Object() {...},40,0,0,0,1,0,1,0,1,0
Stanford CoreNLP,edu.stanford.nlp.time,SUTime.TimeIndex,189,0,16,0,45,0,25,0,17,0
Stanford CoreNLP,edu.stanford.nlp.time,SUTimeMain,2983,0,270,0,567,0,168,0,28,0
Stanford CoreNLP,edu.stanford.nlp.time,XMLUtils,402,0,56,0,99,0,50,0,22,0
Stanford CoreNLP,edu.stanford.nlp.time,SUTime.TimeUnit,17,172,0,0,2,10,4,4,4,4
Stanford CoreNLP,edu.stanford.nlp.time,JodaTimeUtils.ConversionOptions,13,0,0,0,4,0,1,0,1,0
Stanford CoreNLP,edu.stanford.nlp.time,SUTime.PartialTime,810,821,186,129,171,193,140,48,5,24
Stanford CoreNLP,edu.stanford.nlp.time,GenericTimeExpressionPatterns.MatchedExpressionValueTypeMatchNodePattern,23,0,4,0,5,0,4,0,2,0
Stanford CoreNLP,edu.stanford.nlp.time,SUTime.DurationWithMillis,87,13,8,0,20,4,10,2,6,2
Stanford CoreNLP,edu.stanford.nlp.time,SUTime.RefTime,58,18,12,0,15,8,11,2,5,2
Stanford CoreNLP,edu.stanford.nlp.time,TimexTreeAnnotator.new Object() {...},19,0,0,0,1,0,1,0,1,0
Stanford CoreNLP,edu.stanford.nlp.ie.qe,SimpleQuantifiableEntity,39,0,0,0,15,0,7,0,7,0
Stanford CoreNLP,edu.stanford.nlp.ie.qe,Units.MoneyUnit,32,0,0,0,5,0,3,0,3,0
Stanford CoreNLP,edu.stanford.nlp.ie.qe,Options,138,0,0,0,15,0,3,0,3,0
Stanford CoreNLP,edu.stanford.nlp.ie.qe,UnitPrefix,215,0,6,0,52,0,16,0,13,0
Stanford CoreNLP,edu.stanford.nlp.ie.qe,Units,428,0,30,0,79,0,23,0,8,0
Stanford CoreNLP,edu.stanford.nlp.ie.qe,Unit,101,0,4,0,32,0,16,0,14,0
Stanford CoreNLP,edu.stanford.nlp.ie.qe,Units.Currencies,56,0,0,0,9,0,2,0,2,0
Stanford CoreNLP,edu.stanford.nlp.ie.qe,QuantifiableEntityExtractor,503,0,22,0,99,0,21,0,10,0
Stanford CoreNLP,edu.stanford.nlp.international.spanish.pipeline,AnCoraProcessor.RightOfExclusiveFilter,91,0,12,0,20,0,11,0,5,0
Stanford CoreNLP,edu.stanford.nlp.international.spanish.pipeline,MultiWordPreprocessor,871,0,57,0,181,0,40,0,10,0
Stanford CoreNLP,edu.stanford.nlp.international.spanish.pipeline,AnCoraPOSStats,207,0,14,0,44,0,12,0,5,0
Stanford CoreNLP,edu.stanford.nlp.international.spanish.pipeline,MultiWordTreeExpander,737,0,2,0,148,0,3,0,2,0
Stanford CoreNLP,edu.stanford.nlp.international.spanish.pipeline,AnCoraProcessor.LeftOfFilter,59,0,10,0,10,0,8,0,3,0
Stanford CoreNLP,edu.stanford.nlp.international.spanish.pipeline,MultiWordPreprocessor.ManualUWModel,949,0,158,0,192,0,83,0,4,0
Stanford CoreNLP,edu.stanford.nlp.international.spanish.pipeline,AnCoraProcessor,468,0,28,0,99,0,24,0,10,0
Stanford CoreNLP,edu.stanford.nlp.international.spanish.pipeline,MultiWordPreprocessor.POSTieBreaker,25,0,8,0,8,0,6,0,2,0
Stanford CoreNLP,edu.stanford.nlp.international.spanish.pipeline,AnCoraProcessor.new Factory() {...},13,0,0,0,2,0,2,0,2,0
Stanford CoreNLP,edu.stanford.nlp.international.spanish.pipeline,AnCoraProcessor.MultiWordProcessor,80,0,2,0,17,0,4,0,3,0
Stanford CoreNLP,edu.stanford.nlp.ie.regexp,NumberSequenceClassifier,1897,60,362,0,375,17,209,1,28,1
Stanford CoreNLP,edu.stanford.nlp.ie.regexp,ChineseNumberSequenceClassifier,683,0,64,0,81,0,44,0,12,0
Stanford CoreNLP,edu.stanford.nlp.ie.regexp,RegexNERSequenceClassifier,158,400,18,50,22,86,20,27,5,8
Stanford CoreNLP,edu.stanford.nlp.ie.regexp,RegexNERSequenceClassifier.Entry,31,69,2,6,3,15,3,4,1,2
Stanford CoreNLP,edu.stanford.nlp.ie.demo,NERDemo,480,0,36,0,73,0,20,0,2,0
Stanford CoreNLP,edu.stanford.nlp.time.suservlet,SUTimeServlet,708,0,58,0,151,0,38,0,9,0
Stanford CoreNLP,edu.stanford.nlp.time.suservlet,SUTimePipeline,176,0,22,0,32,0,20,0,7,0
Stanford CoreNLP,edu.stanford.nlp.loglinear.model.proto,ConcatVectorProto.ConcatVector.Component.Builder,231,123,21,7,64,35,32,10,20,8
Stanford CoreNLP,edu.stanford.nlp.loglinear.model.proto,GraphicalModelProto.MetaData,157,309,9,25,31,82,28,28,22,16
Stanford CoreNLP,edu.stanford.nlp.loglinear.model.proto,GraphicalModelProto.Factor.new AbstractParser() {...},0,10,0,0,0,2,0,2,0,2
Stanford CoreNLP,edu.stanford.nlp.loglinear.model.proto,GraphicalModelProto.MetaData.new AbstractParser() {...},0,10,0,0,0,2,0,2,0,2
Stanford CoreNLP,edu.stanford.nlp.loglinear.model.proto,GraphicalModelProto.GraphicalModel.Builder,1119,208,146,16,293,57,133,13,55,10
Stanford CoreNLP,edu.stanford.nlp.loglinear.model.proto,ConcatVectorTableProto.ConcatVectorTable,192,320,18,27,41,83,33,29,21,17
Stanford CoreNLP,edu.stanford.nlp.loglinear.model.proto,GraphicalModelProto.Factor.Builder,592,174,73,11,156,48,74,10,33,9
Stanford CoreNLP,edu.stanford.nlp.loglinear.model.proto,ConcatVectorProto.new Descriptors.FileDescriptor.InternalDescriptorAssigner() {...},8,0,0,0,3,0,2,0,2,0
Stanford CoreNLP,edu.stanford.nlp.loglinear.model.proto,GraphicalModelProto.new Descriptors.FileDescriptor.InternalDescriptorAssigner() {...},8,0,0,0,3,0,2,0,2,0
Stanford CoreNLP,edu.stanford.nlp.loglinear.model.proto,ConcatVectorProto.ConcatVector.new AbstractParser() {...},0,10,0,0,0,2,0,2,0,2
Stanford CoreNLP,edu.stanford.nlp.loglinear.model.proto,ConcatVectorTableProto.ConcatVectorTable.new AbstractParser() {...},0,10,0,0,0,2,0,2,0,2
Stanford CoreNLP,edu.stanford.nlp.loglinear.model.proto,GraphicalModelProto.MetaData.Builder,333,149,28,12,96,41,43,13,27,9
Stanford CoreNLP,edu.stanford.nlp.loglinear.model.proto,ConcatVectorProto,61,0,0,0,13,0,4,0,4,0
Stanford CoreNLP,edu.stanford.nlp.loglinear.model.proto,ConcatVectorProto.ConcatVector.Component,178,262,17,20,40,72,32,23,20,15
Stanford CoreNLP,edu.stanford.nlp.loglinear.model.proto,GraphicalModelProto,104,0,0,0,16,0,4,0,4,0
Stanford CoreNLP,edu.stanford.nlp.loglinear.model.proto,ConcatVectorTableProto,50,0,0,0,12,0,4,0,4,0
Stanford CoreNLP,edu.stanford.nlp.loglinear.model.proto,ConcatVectorProto.ConcatVector.Builder,513,98,66,8,137,29,64,9,29,7
Stanford CoreNLP,edu.stanford.nlp.loglinear.model.proto,GraphicalModelProto.GraphicalModel,195,353,17,32,41,92,40,29,27,16
Stanford CoreNLP,edu.stanford.nlp.loglinear.model.proto,ConcatVectorTableProto.new Descriptors.FileDescriptor.InternalDescriptorAssigner() {...},8,0,0,0,3,0,2,0,2,0
Stanford CoreNLP,edu.stanford.nlp.loglinear.model.proto,GraphicalModelProto.Factor,225,345,27,29,51,92,44,25,23,16
Stanford CoreNLP,edu.stanford.nlp.loglinear.model.proto,ConcatVectorProto.ConcatVector,145,220,7,20,33,61,27,22,22,13
Stanford CoreNLP,edu.stanford.nlp.loglinear.model.proto,GraphicalModelProto.GraphicalModel.new AbstractParser() {...},0,10,0,0,0,2,0,2,0,2
Stanford CoreNLP,edu.stanford.nlp.loglinear.model.proto,ConcatVectorTableProto.ConcatVectorTable.Builder,605,155,72,10,161,42,74,11,35,9
Stanford CoreNLP,edu.stanford.nlp.loglinear.model.proto,ConcatVectorProto.ConcatVector.Component.new AbstractParser() {...},0,10,0,0,0,2,0,2,0,2
Stanford CoreNLP,edu.stanford.nlp.trees.international.negra,NegraPennTreeNormalizer,258,212,33,23,46,41,30,13,8,7
Stanford CoreNLP,edu.stanford.nlp.trees.international.negra,NegraHeadFinder,375,1118,40,2,46,42,27,3,6,3
Stanford CoreNLP,edu.stanford.nlp.trees.international.negra,NegraLabel,86,0,4,0,23,0,12,0,10,0
Stanford CoreNLP,edu.stanford.nlp.trees.international.negra,NegraPennTokenizer,24,7,2,0,7,2,2,1,1,1
Stanford CoreNLP,edu.stanford.nlp.trees.international.negra,NegraPennLanguagePack,26,291,1,13,8,42,8,21,7,15
Stanford CoreNLP,edu.stanford.nlp.trees.international.negra,NegraPennTreeReaderFactory,79,36,5,1,22,8,6,2,3,2
Stanford CoreNLP,edu.stanford.nlp.trees.international.negra,NegraLexer,820,0,73,0,217,0,67,0,26,0
Stanford CoreNLP,edu.stanford.nlp.trees.international.negra,NegraLabel.NegraLabelFactory,61,0,4,0,13,0,7,0,5,0
Stanford CoreNLP,edu.stanford.nlp.trees.international.negra,NegraPennTreeNormalizer.new Predicate() {...},2,33,2,8,1,5,2,5,0,2
Stanford CoreNLP,edu.stanford.nlp.trees.international.negra,NegraPennTreeNormalizer.new Predicate() {...},14,24,9,3,1,5,6,2,0,2
Stanford CoreNLP,edu.stanford.nlp.trees.international.negra,NegraPennLexer,319,516,29,42,83,132,32,33,11,15
Stanford CoreNLP,edu.stanford.nlp.international,Language,6,176,1,5,0,17,2,6,1,4
Stanford CoreNLP,edu.stanford.nlp.international,Language.new EnglishTreebankParserParams() {...},0,6,0,0,0,1,0,1,0,1
Stanford CoreNLP,edu.stanford.nlp.patterns.surface,CreatePatterns,25,166,2,6,5,35,2,5,0,3
Stanford CoreNLP,edu.stanford.nlp.patterns.surface,ApplyPatterns,567,0,96,0,95,0,53,0,5,0
Stanford CoreNLP,edu.stanford.nlp.patterns.surface,PatternsForEachToken,96,20,7,1,24,8,7,2,2,2
Stanford CoreNLP,edu.stanford.nlp.patterns.surface,DataInstanceSurface,9,0,0,0,4,0,2,0,2,0
Stanford CoreNLP,edu.stanford.nlp.patterns.surface,PatternToken,230,124,39,15,29,31,30,3,3,3
Stanford CoreNLP,edu.stanford.nlp.patterns.surface,ApplyPatternsMulti,416,0,62,0,69,0,34,0,3,0
Stanford CoreNLP,edu.stanford.nlp.patterns.surface,Token.ClassComparator,0,12,0,0,0,2,0,2,0,2
Stanford CoreNLP,edu.stanford.nlp.patterns.surface,AnnotatedTextReader,227,257,29,17,51,61,19,8,2,2
Stanford CoreNLP,edu.stanford.nlp.patterns.surface,PatternsForEachTokenInMemory,147,40,9,3,31,13,16,4,10,4
Stanford CoreNLP,edu.stanford.nlp.patterns.surface,PatternsForEachTokenDB,852,0,52,0,206,0,46,0,20,0
Stanford CoreNLP,edu.stanford.nlp.patterns.surface,CreatePatterns.CreatePatternsThread,30,82,5,5,8,16,4,3,0,2
Stanford CoreNLP,edu.stanford.nlp.patterns.surface,ScorePatternsF1,150,0,8,0,31,0,7,0,3,0
Stanford CoreNLP,edu.stanford.nlp.patterns.surface,SurfacePatternFactory.Genre,9,39,0,0,0,2,2,2,2,2
Stanford CoreNLP,edu.stanford.nlp.patterns.surface,PatternsForEachTokenLucene,487,0,36,0,129,0,37,0,19,0
Stanford CoreNLP,edu.stanford.nlp.patterns.surface,Token,436,204,72,22,69,41,53,11,10,7
Stanford CoreNLP,edu.stanford.nlp.patterns.surface,PatternsForEachToken.new Object() {...},3,23,0,0,0,1,0,1,0,1
Stanford CoreNLP,edu.stanford.nlp.patterns.surface,SurfacePatternFactory,880,0,136,0,220,0,75,0,7,0
Stanford CoreNLP,edu.stanford.nlp.patterns.surface,LearnImportantFeatures,627,0,56,0,118,0,36,0,8,0
Stanford CoreNLP,edu.stanford.nlp.patterns.surface,SurfacePattern,448,233,85,31,101,51,80,16,24,14
Stanford CoreNLP,edu.stanford.nlp.trees.ud,CoNLLUDocumentWriter,0,268,2,20,0,43,2,12,0,3
Stanford CoreNLP,edu.stanford.nlp.trees.ud,CoNLLUDocumentReader.WordProcessor,0,157,0,4,0,29,0,4,0,2
Stanford CoreNLP,edu.stanford.nlp.trees.ud,UniversalDependenciesFeatureAnnotator,973,0,152,0,211,0,93,0,17,0
Stanford CoreNLP,edu.stanford.nlp.trees.ud,CoNLLUUtils.FeatureNameComparator,0,9,0,0,0,2,0,2,0,2
Stanford CoreNLP,edu.stanford.nlp.trees.ud,EnhancementOptions,0,69,0,0,0,22,0,2,0,2
Stanford CoreNLP,edu.stanford.nlp.trees.ud,UniversalDependenciesConverter,314,0,28,0,85,0,28,0,14,0
Stanford CoreNLP,edu.stanford.nlp.trees.ud,UniversalDependenciesConverter.TreeToSemanticGraphIterator,24,0,0,0,8,0,4,0,4,0
Stanford CoreNLP,edu.stanford.nlp.trees.ud,CoNLLUDocumentReader,3,36,2,2,0,8,2,5,0,5
Stanford CoreNLP,edu.stanford.nlp.trees.ud,CoNLLUDocumentReader.SentenceProcessor,2,309,2,24,0,59,2,20,0,9
Stanford CoreNLP,edu.stanford.nlp.trees.ud,CoNLLUUtils,3,210,2,22,2,48,3,14,1,4
Stanford CoreNLP,edu.stanford.nlp.loglinear.model,NDArrayDoubles,14,150,8,14,0,27,8,13,0,10
Stanford CoreNLP,edu.stanford.nlp.loglinear.model,ConcatVector,77,1916,40,216,10,262,38,114,0,24
Stanford CoreNLP,edu.stanford.nlp.loglinear.model,ConcatVectorTable,3,254,3,21,0,54,3,20,0,11
Stanford CoreNLP,edu.stanford.nlp.loglinear.model,ConcatVectorNamespace,169,139,12,6,29,24,10,8,4,5
Stanford CoreNLP,edu.stanford.nlp.loglinear.model,GraphicalModel,13,509,9,51,2,94,9,38,0,17
Stanford CoreNLP,edu.stanford.nlp.loglinear.model,NDArray.new Iterator() {...},0,86,2,8,0,11,2,6,0,3
Stanford CoreNLP,edu.stanford.nlp.loglinear.model,NDArray.new Iterator() {...},0,22,0,0,0,4,0,3,0,3
Stanford CoreNLP,edu.stanford.nlp.loglinear.model,NDArray,14,164,8,14,0,28,8,13,0,10
Stanford CoreNLP,edu.stanford.nlp.loglinear.model,GraphicalModel.Factor,0,144,0,10,0,29,0,12,0,7
Stanford CoreNLP,edu.stanford.nlp.loglinear.model,NDArrayDoubles.new Iterator() {...},0,86,2,8,0,11,2,6,0,3
Stanford CoreNLP,edu.stanford.nlp.loglinear.model,NDArrayDoubles.new Iterator() {...},0,22,0,0,0,4,0,3,0,3
Stanford CoreNLP,edu.stanford.nlp.swing,FontDetector,180,0,18,0,30,0,14,0,5,0
Stanford CoreNLP,edu.stanford.nlp.swing,TooltipJList,126,0,14,0,35,0,12,0,5,0
Stanford CoreNLP,edu.stanford.nlp.international.arabic,IBMArabicEscaper,365,0,40,0,77,0,29,0,9,0
Stanford CoreNLP,edu.stanford.nlp.international.arabic,ArabicVerbStemBank,205,0,20,0,44,0,17,0,7,0
Stanford CoreNLP,edu.stanford.nlp.international.arabic,ArabicMorphoFeatureSpecification.ArabicMorphoFeatures,91,0,8,0,14,0,7,0,3,0
Stanford CoreNLP,edu.stanford.nlp.international.arabic,Buckwalter,1194,0,64,0,107,0,44,0,10,0
Stanford CoreNLP,edu.stanford.nlp.international.arabic,ArabicMorphoFeatureSpecification,631,145,130,0,125,18,72,2,5,2
Stanford CoreNLP,edu.stanford.nlp.international.arabic,ArabicWordLists,325,0,0,0,86,0,7,0,7,0
Stanford CoreNLP,edu.stanford.nlp.ie.util,FixLocation,463,0,54,0,80,0,34,0,7,0
Stanford CoreNLP,edu.stanford.nlp.ie.util,RelationTriple.WithLink,42,0,4,0,10,0,5,0,3,0
Stanford CoreNLP,edu.stanford.nlp.ie.util,RelationTriple,783,284,60,22,108,51,70,23,40,12
Stanford CoreNLP,edu.stanford.nlp.ie.util,RelationTriple.WithTree,274,13,34,0,35,3,23,1,6,1
Stanford CoreNLP,edu.stanford.nlp.classify,LogisticClassifier,860,0,60,0,158,0,62,0,32,0
Stanford CoreNLP,edu.stanford.nlp.classify,ShiftParamsLogisticClassifierFactory,244,0,10,0,41,0,12,0,7,0
Stanford CoreNLP,edu.stanford.nlp.classify,LinearClassifierFactory.new Factory() {...},28,0,2,0,5,0,3,0,2,0
Stanford CoreNLP,edu.stanford.nlp.classify,LinearClassifierFactory.new Factory() {...},33,0,2,0,5,0,3,0,2,0
Stanford CoreNLP,edu.stanford.nlp.classify,LinearClassifierFactory.new Factory() {...},48,0,2,0,7,0,3,0,2,0
Stanford CoreNLP,edu.stanford.nlp.classify,LinearClassifierFactory.new Factory() {...},53,0,2,0,5,0,3,0,2,0
Stanford CoreNLP,edu.stanford.nlp.classify,LinearClassifierFactory.new Factory() {...},12,0,0,0,2,0,2,0,2,0
Stanford CoreNLP,edu.stanford.nlp.classify,LinearClassifierFactory.new Factory() {...},26,0,2,0,5,0,3,0,2,0
Stanford CoreNLP,edu.stanford.nlp.classify,LinearClassifierFactory.new Factory() {...},32,0,2,0,5,0,3,0,2,0
Stanford CoreNLP,edu.stanford.nlp.classify,LinearClassifierFactory.new Factory() {...},38,0,2,0,5,0,3,0,2,0
Stanford CoreNLP,edu.stanford.nlp.classify,LinearClassifierFactory.new Factory() {...},17,0,2,0,2,0,3,0,2,0
Stanford CoreNLP,edu.stanford.nlp.classify,LogConditionalEqConstraintFunction,919,0,72,0,144,0,50,0,14,0
Stanford CoreNLP,edu.stanford.nlp.classify,NBLinearClassifierFactory,572,0,36,0,95,0,28,0,10,0
Stanford CoreNLP,edu.stanford.nlp.classify,WeightedRVFDataset,58,69,1,3,11,20,3,7,2,6
Stanford CoreNLP,edu.stanford.nlp.classify,LogConditionalObjectiveFunction.RVFDerivativeCalculation,221,0,16,0,37,0,10,0,2,0
Stanford CoreNLP,edu.stanford.nlp.classify,PRCurve,1025,0,82,0,171,0,65,0,24,0
Stanford CoreNLP,edu.stanford.nlp.classify,ColumnDataClassifier.Flags,293,0,0,0,89,0,3,0,3,0
Stanford CoreNLP,edu.stanford.nlp.classify,ShiftParamsLogisticObjectiveFunction,240,0,18,0,44,0,14,0,5,0
Stanford CoreNLP,edu.stanford.nlp.classify,NaiveBayesClassifierFactory.NBWeights,138,0,10,0,22,0,7,0,2,0
Stanford CoreNLP,edu.stanford.nlp.classify,GeneralDataset,924,278,78,18,170,51,60,23,21,14
Stanford CoreNLP,edu.stanford.nlp.classify,CrossValidator.SavedState,3,0,0,0,1,0,1,0,1,0
Stanford CoreNLP,edu.stanford.nlp.classify,SVMLightClassifierFactory,1237,0,76,0,230,0,76,0,38,0
Stanford CoreNLP,edu.stanford.nlp.classify,SVMLightClassifier,75,0,4,0,20,0,7,0,5,0
Stanford CoreNLP,edu.stanford.nlp.classify,CrossValidator.CrossValidationIterator,87,0,4,0,9,0,6,0,4,0
Stanford CoreNLP,edu.stanford.nlp.classify,CrossValidator,82,0,6,0,20,0,8,0,5,0
Stanford CoreNLP,edu.stanford.nlp.classify,LogConditionalObjectiveFunction.CLBatchDerivativeCalculation,28,207,4,16,2,34,4,8,0,2
Stanford CoreNLP,edu.stanford.nlp.classify,ColumnDataClassifier.InputFormat,48,0,0,0,1,0,4,0,4,0
Stanford CoreNLP,edu.stanford.nlp.classify,GeneralDataset.new Iterator() {...},41,0,4,0,6,0,6,0,4,0
Stanford CoreNLP,edu.stanford.nlp.classify,LogPrior.new Object() {...},7,47,0,0,0,1,0,1,0,1
Stanford CoreNLP,edu.stanford.nlp.classify,AdaptedGaussianPriorObjectiveFunction,314,0,28,0,49,0,20,0,6,0
Stanford CoreNLP,edu.stanford.nlp.classify,NaiveBayesClassifier,277,0,18,0,66,0,22,0,13,0
Stanford CoreNLP,edu.stanford.nlp.classify,ClassifierExample,148,0,2,0,27,0,4,0,3,0
Stanford CoreNLP,edu.stanford.nlp.classify,MultinomialLogisticClassifier,269,0,14,0,61,0,18,0,11,0
Stanford CoreNLP,edu.stanford.nlp.classify,Classifier,132,0,22,0,30,0,13,0,2,0
Stanford CoreNLP,edu.stanford.nlp.classify,WeightedDataset,357,0,12,0,72,0,20,0,14,0
Stanford CoreNLP,edu.stanford.nlp.classify,LogConditionalObjectiveFunction,2959,320,235,25,440,64,146,18,24,10
Stanford CoreNLP,edu.stanford.nlp.classify,RVFDataset.new Iterator() {...},8,36,1,3,2,6,2,4,1,3
Stanford CoreNLP,edu.stanford.nlp.classify,BiasedLogConditionalObjectiveFunction,356,0,20,0,61,0,21,0,11,0
Stanford CoreNLP,edu.stanford.nlp.classify,AbstractLinearClassifierFactory,48,13,0,0,11,4,5,1,5,1
Stanford CoreNLP,edu.stanford.nlp.classify,Dataset,1742,313,122,6,300,69,95,16,32,15
Stanford CoreNLP,edu.stanford.nlp.classify,SemiSupervisedLogConditionalObjectiveFunction,125,0,10,0,24,0,10,0,5,0
Stanford CoreNLP,edu.stanford.nlp.classify,LinearClassifier,3035,291,274,24,563,64,202,15,57,11
Stanford CoreNLP,edu.stanford.nlp.classify,LinearClassifierFactory.QNFactory,0,21,1,1,0,5,1,2,0,2
Stanford CoreNLP,edu.stanford.nlp.classify,LogPrior,629,128,59,9,101,29,49,8,14,6
Stanford CoreNLP,edu.stanford.nlp.classify,ColumnDataClassifier,7117,0,922,0,1176,0,516,0,55,0
Stanford CoreNLP,edu.stanford.nlp.classify,KNNClassifier,310,0,16,0,71,0,14,0,6,0
Stanford CoreNLP,edu.stanford.nlp.classify,NominalDataReader,199,0,14,0,45,0,12,0,5,0
Stanford CoreNLP,edu.stanford.nlp.classify,LinearClassifierFactory,1394,221,53,11,271,51,102,12,70,12
Stanford CoreNLP,edu.stanford.nlp.classify,LogisticObjectiveFunction,398,0,22,0,68,0,22,0,11,0
Stanford CoreNLP,edu.stanford.nlp.classify,RVFDataset,2791,379,187,19,452,75,137,21,41,14
Stanford CoreNLP,edu.stanford.nlp.classify,NaiveBayesClassifierFactory,714,0,48,0,107,0,35,0,11,0
Stanford CoreNLP,edu.stanford.nlp.classify,LogisticUtils,455,0,38,0,82,0,35,0,16,0
Stanford CoreNLP,edu.stanford.nlp.classify,BiasedLogisticObjectiveFunction,418,0,22,0,70,0,21,0,10,0
Stanford CoreNLP,edu.stanford.nlp.classify,LinearClassifierFactory.LinearClassifierCreator,56,0,2,0,15,0,6,0,5,0
Stanford CoreNLP,edu.stanford.nlp.classify,OneVsAllClassifier,218,0,6,0,50,0,14,0,11,0
Stanford CoreNLP,edu.stanford.nlp.classify,GeneralizedExpectationObjectiveFunction,669,0,56,0,105,0,40,0,12,0
Stanford CoreNLP,edu.stanford.nlp.classify,LinearClassifierFactory.NegativeScorer,102,0,0,0,16,0,2,0,2,0
Stanford CoreNLP,edu.stanford.nlp.classify,KNNClassifierFactory,161,0,10,0,34,0,9,0,4,0
Stanford CoreNLP,edu.stanford.nlp.classify,LogisticClassifierFactory,311,0,22,0,47,0,20,0,9,0
Stanford CoreNLP,edu.stanford.nlp.classify,LogPrior.LogPriorType,5,83,0,0,0,1,1,3,1,3
Stanford CoreNLP,edu.stanford.nlp.dcoref.util,ConvertGenderFile,177,0,26,0,38,0,15,0,2,0
Stanford CoreNLP,edu.stanford.nlp.ie,NERServer.Session,227,0,14,0,44,0,10,0,3,0
Stanford CoreNLP,edu.stanford.nlp.ie,NERFeatureFactory,8839,67,1153,3,1069,21,606,4,28,4
Stanford CoreNLP,edu.stanford.nlp.ie,NERGUI.ColorIcon,23,0,0,0,8,0,4,0,4,0
Stanford CoreNLP,edu.stanford.nlp.ie,KBPRelationExtractor.Accuracy,249,276,6,24,33,44,13,19,8,9
Stanford CoreNLP,edu.stanford.nlp.ie,KBPRelationExtractor.new Object() {...},8,0,2,0,1,0,2,0,1,0
Stanford CoreNLP,edu.stanford.nlp.ie,ChineseQuantifiableEntityNormalizer,2189,0,295,0,420,0,173,0,20,0
Stanford CoreNLP,edu.stanford.nlp.ie,UniformPriorFactory,22,0,0,0,4,0,3,0,3,0
Stanford CoreNLP,edu.stanford.nlp.ie,NERGUI,1883,0,94,0,386,0,76,0,29,0
Stanford CoreNLP,edu.stanford.nlp.ie,KBPTokensregexExtractor,374,0,34,0,62,0,23,0,6,0
Stanford CoreNLP,edu.stanford.nlp.ie,KBPRelationExtractor.Accuracy.PerRelationStat,108,0,8,0,17,0,8,0,4,0
Stanford CoreNLP,edu.stanford.nlp.ie,EmpiricalNERPriorBIO,339,0,48,0,54,0,27,0,3,0
Stanford CoreNLP,edu.stanford.nlp.ie,NERServer.NERClient,130,0,12,0,34,0,9,0,3,0
Stanford CoreNLP,edu.stanford.nlp.ie,KBPRelationExtractor.RelationType.Cardinality,38,0,0,0,3,0,4,0,4,0
Stanford CoreNLP,edu.stanford.nlp.ie,EntityBIO,52,0,0,0,11,0,2,0,2,0
Stanford CoreNLP,edu.stanford.nlp.ie,NERFeatureFactory.Bin6Annotation,5,0,0,0,2,0,2,0,2,0
Stanford CoreNLP,edu.stanford.nlp.ie,Entity,52,0,0,0,11,0,2,0,2,0
Stanford CoreNLP,edu.stanford.nlp.ie,KBPRelationExtractor.Accuracy.new HashSet() {...},0,22,0,0,0,1,0,1,0,1
Stanford CoreNLP,edu.stanford.nlp.ie,ClassifierCombiner,1109,160,92,26,212,40,70,14,23,2
Stanford CoreNLP,edu.stanford.nlp.ie,NERClassifierCombiner.Language,70,0,6,0,11,0,8,0,5,0
Stanford CoreNLP,edu.stanford.nlp.ie,EmpiricalNERPriorFactory,13,0,0,0,3,0,2,0,2,0
Stanford CoreNLP,edu.stanford.nlp.ie,NERFeatureFactory.Bin5Annotation,5,0,0,0,2,0,2,0,2,0
Stanford CoreNLP,edu.stanford.nlp.ie,KBPRelationExtractor.RelationType,2348,0,22,0,101,0,17,0,6,0
Stanford CoreNLP,edu.stanford.nlp.ie,UniformPrior,71,0,4,0,21,0,12,0,10,0
Stanford CoreNLP,edu.stanford.nlp.ie,KBPEnsembleExtractor,191,0,14,0,33,0,12,0,5,0
Stanford CoreNLP,edu.stanford.nlp.ie,NERFeatureFactory.Bin2Annotation,5,0,0,0,2,0,2,0,2,0
Stanford CoreNLP,edu.stanford.nlp.ie,KBPStatisticalExtractor.MinimizerType,58,0,0,0,1,0,4,0,4,0
Stanford CoreNLP,edu.stanford.nlp.ie,EmpiricalNERPriorBIOFactory,16,0,0,0,3,0,2,0,2,0
Stanford CoreNLP,edu.stanford.nlp.ie,NERFeatureFactory.Bin3Annotation,5,0,0,0,2,0,2,0,2,0
Stanford CoreNLP,edu.stanford.nlp.ie,NERGUI.InputListener,14,0,0,0,5,0,4,0,4,0
Stanford CoreNLP,edu.stanford.nlp.ie,NERGUI.ActionPerformer,212,0,58,0,33,0,42,0,2,0
Stanford CoreNLP,edu.stanford.nlp.ie,NERFeatureFactory.GazetteInfo,12,0,0,0,5,0,1,0,1,0
Stanford CoreNLP,edu.stanford.nlp.ie,EntityCachingAbstractSequencePrior,1570,0,184,0,276,0,118,0,26,0
Stanford CoreNLP,edu.stanford.nlp.ie,NERFeatureFactory.Bin1Annotation,5,0,0,0,2,0,2,0,2,0
Stanford CoreNLP,edu.stanford.nlp.ie,KBPTokensregexExtractor.Object,5,0,0,0,2,0,2,0,2,0
Stanford CoreNLP,edu.stanford.nlp.ie,NERClassifierCombiner,1023,0,84,0,207,0,65,0,23,0
Stanford CoreNLP,edu.stanford.nlp.ie,EmbeddingFeatureFactory,5,0,0,0,2,0,2,0,2,0
Stanford CoreNLP,edu.stanford.nlp.ie,QuantifiableEntityNormalizer,2528,1393,536,98,485,311,320,42,24,14
Stanford CoreNLP,edu.stanford.nlp.ie,ClassifierCombiner.CombinationMode,9,29,0,0,0,2,2,2,2,2
Stanford CoreNLP,edu.stanford.nlp.ie,KBPStatisticalExtractor,1825,0,211,0,315,0,128,0,21,0
Stanford CoreNLP,edu.stanford.nlp.ie,KBPRelationExtractor.NERTag,332,0,10,0,32,0,10,0,5,0
Stanford CoreNLP,edu.stanford.nlp.ie,NumberNormalizer,2132,0,218,0,412,0,125,0,15,0
Stanford CoreNLP,edu.stanford.nlp.ie,EmpiricalNERPrior,910,0,134,0,151,0,70,0,3,0
Stanford CoreNLP,edu.stanford.nlp.ie,ChineseMorphFeatureSets.new Object() {...},26,0,0,0,1,0,1,0,1,0
Stanford CoreNLP,edu.stanford.nlp.ie,EntityCachingAbstractSequencePriorBIO,1217,0,112,0,214,0,75,0,19,0
Stanford CoreNLP,edu.stanford.nlp.ie,ChineseMorphFeatureSets.FeatType,48,0,0,0,2,0,4,0,4,0
[...]
Stanford CoreNLP,edu.stanford.nlp.trees,TreeFunctions.LabeledTreeToStringLabeledTreeFunction,2,82,1,7,1,13,1,6,0,3
Stanford CoreNLP,edu.stanford.nlp.trees,GrammaticalFunctionTreeNormalizer,43,0,6,0,13,0,6,0,3,0
Stanford CoreNLP,edu.stanford.nlp.trees,WordCatEquivalenceClasser,9,0,0,0,3,0,2,0,2,0
Stanford CoreNLP,edu.stanford.nlp.trees,EnglishGrammaticalStructure.FromDependenciesFactory,9,0,0,0,2,0,2,0,2,0
Stanford CoreNLP,edu.stanford.nlp.trees,UniversalPOSMapper,58,0,4,0,18,0,7,0,5,0
Stanford CoreNLP,edu.stanford.nlp.trees,DeepTree.new Comparator() {...},10,0,0,0,2,0,2,0,2,0
Stanford CoreNLP,edu.stanford.nlp.trees,EnglishGrammaticalStructureFactory,49,0,6,0,13,0,7,0,4,0
Stanford CoreNLP,edu.stanford.nlp.trees,SimpleConstituent.ConstituentFactoryHolder.SimpleConstituentFactory,15,0,0,0,3,0,3,0,3,0
Stanford CoreNLP,edu.stanford.nlp.trees,TreeNormalizer,0,9,0,0,0,5,0,4,0,4
Stanford CoreNLP,edu.stanford.nlp.trees,DependencyTreeTransformer,2,117,2,12,1,32,2,12,0,7
Stanford CoreNLP,edu.stanford.nlp.trees,DeepTree,26,0,0,0,9,0,5,0,5,0
Stanford CoreNLP,edu.stanford.nlp.trees,TreeCoreAnnotations,3,0,0,0,1,0,1,0,1,0
Stanford CoreNLP,edu.stanford.nlp.trees,LabeledScoredConstituent,21,9,0,0,10,3,7,1,7,1
Stanford CoreNLP,edu.stanford.nlp.trees,SplitTrainingSet,380,0,24,0,59,0,17,0,5,0
Stanford CoreNLP,edu.stanford.nlp.trees,Treebank,944,21,102,0,184,8,68,3,17,3
Stanford CoreNLP,edu.stanford.nlp.trees,NPTmpRetainingTreeNormalizer.NPTmpRetainingTreeReaderFactory,14,0,0,0,2,0,2,0,2,0
Stanford CoreNLP,edu.stanford.nlp.trees,GrammaticalStructure,1155,811,98,98,214,167,80,64,23,23
Stanford CoreNLP,edu.stanford.nlp.trees,PennTreeReaderFactory,7,35,0,0,2,9,1,4,1,4
Stanford CoreNLP,edu.stanford.nlp.trees,GrammaticalRelation,509,508,75,62,67,108,57,45,6,21
Stanford CoreNLP,edu.stanford.nlp.trees,LabeledScoredTreeFactory,0,44,0,0,0,9,0,6,0,6
Stanford CoreNLP,edu.stanford.nlp.trees,TreeFunctions.LabeledTreeToCategoryWordTagTreeFunction,78,0,8,0,14,0,7,0,3,0
Stanford CoreNLP,edu.stanford.nlp.trees,LabeledScoredConstituentFactory,17,0,0,0,3,0,3,0,3,0
Stanford CoreNLP,edu.stanford.nlp.trees,LabeledScoredTreeNode.TreeFactoryHolder,8,0,0,0,2,0,2,0,2,0
Stanford CoreNLP,edu.stanford.nlp.trees,LeftHeadFinder,17,0,2,0,5,0,4,0,3,0
Stanford CoreNLP,edu.stanford.nlp.trees,FilteringTreebank,56,0,4,0,17,0,7,0,5,0
Stanford CoreNLP,edu.stanford.nlp.trees,CompositeTreebank,43,0,2,0,13,0,6,0,5,0
Stanford CoreNLP,edu.stanford.nlp.trees,Treebanks.new TreeVisitor() {...},15,0,0,0,4,0,2,0,2,0
Stanford CoreNLP,edu.stanford.nlp.trees,CoordinationTransformer,931,882,151,89,152,214,102,37,1,18
Stanford CoreNLP,edu.stanford.nlp.trees,Span.ConstituentFactoryHolder,9,0,0,0,2,0,2,0,2,0
Stanford CoreNLP,edu.stanford.nlp.trees,TreeFunctions,64,5,0,0,18,1,4,1,4,1
Stanford CoreNLP,edu.stanford.nlp.trees,PennTreebankTokenizer.EnglishTreebankStreamTokenizer,0,46,0,0,0,13,0,1,0,1
Stanford CoreNLP,edu.stanford.nlp.trees,SimpleConstituent.ConstituentFactoryHolder,9,0,0,0,3,0,2,0,2,0
Stanford CoreNLP,edu.stanford.nlp.trees,fakeShortNameToGRel,67,0,4,0,18,0,15,0,13,0
Stanford CoreNLP,edu.stanford.nlp.trees,UnnamedDependency.DependencyFactoryHolder,9,0,0,0,2,0,2,0,2,0
Stanford CoreNLP,edu.stanford.nlp.trees,AbstractCollinsHeadFinder,254,529,33,81,30,106,30,47,1,14
Stanford CoreNLP,edu.stanford.nlp.trees,GrammaticalStructureConversionUtils.LazyLoadTreesByParsing,55,0,2,0,14,0,3,0,2,0
Stanford CoreNLP,edu.stanford.nlp.trees,TreeFilters,3,0,0,0,1,0,1,0,1,0
Stanford CoreNLP,edu.stanford.nlp.trees,NPTmpRetainingTreeNormalizer.NPTmpAdvRetainingTreeReaderFactory,0,18,0,0,0,2,0,2,0,2
Stanford CoreNLP,edu.stanford.nlp.trees,GrammaticalStructureConversionUtils.TreeBankGrammaticalStructureWrapper.GsIterator,128,0,14,0,33,0,12,0,5,0
Stanford CoreNLP,edu.stanford.nlp.trees,SimpleTreeFactory,20,3,0,0,4,2,4,1,4,1
Stanford CoreNLP,edu.stanford.nlp.trees,SimpleTree,49,0,2,0,17,0,9,0,8,0
Stanford CoreNLP,edu.stanford.nlp.trees,GenerateTrees.Section,48,0,0,0,2,0,4,0,4,0
Stanford CoreNLP,edu.stanford.nlp.trees,FindTreebankTree,253,0,44,0,53,0,25,0,3,0
Stanford CoreNLP,edu.stanford.nlp.trees,NamedDependency,140,11,18,0,17,4,17,2,7,2
Stanford CoreNLP,edu.stanford.nlp.trees,GrammaticalStructure.NameComparator,0,13,0,0,0,4,0,2,0,2
Stanford CoreNLP,edu.stanford.nlp.trees,FilteringTreebank.FilteringTreebankIterator,50,0,6,0,16,0,8,0,5,0
Stanford CoreNLP,edu.stanford.nlp.trees,Dependencies.ComparatorHolder.DependencyIdxComparator,0,21,0,0,0,6,0,2,0,2
Stanford CoreNLP,edu.stanford.nlp.trees,SimpleConstituent.SimpleConstituentLabelFactory,23,0,0,0,5,0,5,0,5,0
Stanford CoreNLP,edu.stanford.nlp.trees,TreeGraphNode.TreeFactoryHolder,8,0,0,0,3,0,2,0,2,0
Stanford CoreNLP,edu.stanford.nlp.trees,UniversalEnglishGrammaticalRelations,158,2205,19,11,37,109,21,10,9,7
Stanford CoreNLP,edu.stanford.nlp.trees,TreeFunctions.LabeledToDescriptiveCoreLabelTreeFunction,72,0,8,0,15,0,6,0,2,0
Stanford CoreNLP,edu.stanford.nlp.trees,LengthTreeFilter,16,0,2,0,4,0,3,0,2,0
Stanford CoreNLP,edu.stanford.nlp.trees,TreeCoreAnnotations.BinarizedTreeAnnotation,5,0,0,0,2,0,2,0,2,0
Stanford CoreNLP,edu.stanford.nlp.trees,EnglishPTBTreebankCorrector,131,0,12,0,31,0,11,0,5,0
Stanford CoreNLP,edu.stanford.nlp.trees,CollinsDependency,433,0,52,0,68,0,42,0,16,0
Stanford CoreNLP,edu.stanford.nlp.trees,SynchronizedTreeTransformer,23,0,0,0,6,0,2,0,2,0
Stanford CoreNLP,edu.stanford.nlp.trees,LabeledScoredConstituent.ConstituentFactoryHolder,8,0,0,0,2,0,2,0,2,0
Stanford CoreNLP,edu.stanford.nlp.trees,WordCatConstituent,20,0,0,0,6,0,1,0,1,0
Stanford CoreNLP,edu.stanford.nlp.trees,CollocationFinder.Collocation,34,0,0,0,8,0,2,0,2,0
Stanford CoreNLP,edu.stanford.nlp.trees,LabeledScoredTreeReaderFactory,20,32,0,0,8,9,2,3,2,3
Stanford CoreNLP,edu.stanford.nlp.trees,GraphLessGrammaticalStructure,5,0,0,0,2,0,1,0,1,0
Stanford CoreNLP,edu.stanford.nlp.trees,GrammaticalStructure.NoPunctTypedDependencyFilter,5,31,4,4,0,8,4,2,0,2
Stanford CoreNLP,edu.stanford.nlp.trees,NamedDependency.NamedDependencyFactory,16,0,0,0,3,0,3,0,3,0
Stanford CoreNLP,edu.stanford.nlp.trees,UniversalEnglishGrammaticalStructureFactory,25,24,4,2,6,7,5,2,2,2
Stanford CoreNLP,edu.stanford.nlp.trees,UnnamedDependency.UnnamedDependencyFactory,15,0,0,0,3,0,3,0,3,0
Stanford CoreNLP,edu.stanford.nlp.trees,AbstractTreebankLanguagePack,121,221,12,30,34,62,32,29,22,18
Stanford CoreNLP,edu.stanford.nlp.trees,TreeCoreAnnotations.KBestTreesAnnotation,7,0,0,0,2,0,2,0,2,0
Stanford CoreNLP,edu.stanford.nlp.trees,Span.ConstituentFactoryHolder.SpanFactory,15,0,0,0,3,0,3,0,3,0
Stanford CoreNLP,edu.stanford.nlp.trees,DependencyScoring,1008,0,66,0,184,0,48,0,15,0
Stanford CoreNLP,edu.stanford.nlp.trees,CollinsRelation.Direction,38,0,0,0,1,0,4,0,4,0
Stanford CoreNLP,edu.stanford.nlp.trees,SemanticHeadFinder,418,2386,87,223,41,258,80,93,1,17
Stanford CoreNLP,edu.stanford.nlp.trees,TreeGraphNodeFactory,24,12,0,0,5,4,4,2,4,2
Stanford CoreNLP,edu.stanford.nlp.trees,BasicCategoryTreeTransformer,6,20,1,1,2,5,2,2,1,2
Stanford CoreNLP,edu.stanford.nlp.trees,EnglishGrammaticalStructure.ExtraTreeDepFilter,0,13,1,3,0,2,1,3,0,2
Stanford CoreNLP,edu.stanford.nlp.trees,CollocationFinder,921,0,72,0,165,0,51,0,15,0
Stanford CoreNLP,edu.stanford.nlp.trees,TreeGraphNode,266,414,26,44,45,103,25,42,8,24
Stanford CoreNLP,edu.stanford.nlp.trees,SimpleConstituent,17,15,0,0,9,6,6,3,6,3
Stanford CoreNLP,edu.stanford.nlp.trees,BobChrisTreeNormalizer.EmptyFilter,13,19,8,2,0,4,5,2,0,2
Stanford CoreNLP,edu.stanford.nlp.trees,UniversalSemanticHeadFinder,428,2781,91,223,44,264,83,92,2,16
Stanford CoreNLP,edu.stanford.nlp.trees,DependencyScoring.Score,469,0,8,0,58,0,8,0,4,0
Stanford CoreNLP,edu.stanford.nlp.trees,TreeTokenizerFactory.new AbstractTokenizer() {...},32,0,0,0,6,0,2,0,2,0
Stanford CoreNLP,edu.stanford.nlp.trees,AbstractTreebankLanguagePack.BasicCategoryStringFunction,0,11,0,0,0,4,0,2,0,2
Stanford CoreNLP,edu.stanford.nlp.trees,TreeCoreAnnotations.HeadWordLabelAnnotation,5,0,0,0,2,0,2,0,2,0
Stanford CoreNLP,edu.stanford.nlp.trees,BobChrisTreeNormalizer.AOverAFilter,3,49,5,11,1,7,5,5,0,2
Stanford CoreNLP,edu.stanford.nlp.trees,Tree.TreeIterator,7,60,1,5,2,13,2,6,1,4
Stanford CoreNLP,edu.stanford.nlp.trees,TreePrint,1842,616,220,54,389,115,150,15,19,9
Stanford CoreNLP,edu.stanford.nlp.trees,RecursiveTreeTransformer,6,77,1,5,2,13,2,9,1,7
Stanford CoreNLP,edu.stanford.nlp.trees,fakeShortNameToGRel.new GrammaticalRelation() {...},26,0,2,0,5,0,4,0,3,0
Stanford CoreNLP,edu.stanford.nlp.trees,WordCatEqualityChecker,42,0,10,0,10,0,7,0,2,0
Stanford CoreNLP,edu.stanford.nlp.trees,TransformingTreebank.MyTreeTransformer3,41,0,4,0,10,0,4,0,2,0
Stanford CoreNLP,edu.stanford.nlp.trees,TransformingTreebank.MyTreeTransformer2,41,0,4,0,10,0,4,0,2,0
Stanford CoreNLP,edu.stanford.nlp.trees,Trees,1643,261,216,36,342,63,153,23,41,9
Stanford CoreNLP,edu.stanford.nlp.trees,DiskTreebank,134,0,4,0,33,0,16,0,14,0
Stanford CoreNLP,edu.stanford.nlp.trees,TransformingTreebank.TransformingTreebankIterator,32,0,2,0,10,0,5,0,4,0
Stanford CoreNLP,edu.stanford.nlp.trees,TreeLeafLabelTransformer,31,0,2,0,8,0,3,0,2,0
Stanford CoreNLP,edu.stanford.nlp.trees,TreeTransformer,0,4,0,0,0,1,0,1,0,1
Stanford CoreNLP,edu.stanford.nlp.trees,CompositeTreeTransformer,23,32,0,2,4,9,2,4,2,3
Stanford CoreNLP,edu.stanford.nlp.trees,EnglishPatterns,3,208,0,0,1,7,1,1,1,1
Stanford CoreNLP,edu.stanford.nlp.trees,GrammaticalStructureConversionUtils.TreeBankGrammaticalStructureWrapper,28,0,0,0,8,0,3,0,3,0
Stanford CoreNLP,edu.stanford.nlp.trees,TreeFilters.HasMatchingChild,67,0,12,0,17,0,8,0,2,0
Stanford CoreNLP,edu.stanford.nlp.trees,UniversalEnglishGrammaticalStructure,1322,2612,280,318,301,556,207,140,9,39
Stanford CoreNLP,edu.stanford.nlp.trees,BobChrisTreeNormalizer,2,62,2,4,1,16,2,8,0,7
Stanford CoreNLP,edu.stanford.nlp.trees,LabeledConstituent.LabeledConstituentLabelFactory,28,0,0,0,5,0,5,0,5,0
Stanford CoreNLP,edu.stanford.nlp.trees,TypedDependency,14,216,13,23,1,55,10,23,0,15
Stanford CoreNLP,edu.stanford.nlp.trees,UnnamedConcreteDependency.DependencyFactoryHolder,9,0,0,0,2,0,2,0,2,0
Stanford CoreNLP,edu.stanford.nlp.trees,UniversalEnglishGrammaticalStructure.FromDependenciesFactory,9,0,0,0,2,0,2,0,2,0
Stanford CoreNLP,edu.stanford.nlp.trees,NamedDependency.DependencyFactoryHolder,9,0,0,0,2,0,2,0,2,0
Stanford CoreNLP,edu.stanford.nlp.trees,TreeLengthComparator,28,0,6,0,11,0,5,0,2,0
Stanford CoreNLP,edu.stanford.nlp.trees,Dependencies,177,11,22,0,39,2,15,2,4,2
Stanford CoreNLP,edu.stanford.nlp.trees,LabeledScoredTreeNode,41,76,4,2,8,27,6,12,3,12
Stanford CoreNLP,edu.stanford.nlp.trees,Treebanks,1383,0,158,0,291,0,94,0,15,0
Stanford CoreNLP,edu.stanford.nlp.trees,GrammaticalStructureConversionUtils.ConverterOptions,179,0,8,0,22,0,10,0,6,0
Stanford CoreNLP,edu.stanford.nlp.trees,GenerateTrees,380,0,32,0,96,0,25,0,8,0
Stanford CoreNLP,edu.stanford.nlp.trees,Constituent,186,75,44,10,38,18,41,4,14,4
Stanford CoreNLP,edu.stanford.nlp.trees,Dependencies.ComparatorHolder,3,6,0,0,1,1,1,1,1,1
Stanford CoreNLP,edu.stanford.nlp.trees,QPTreeTransformer,91,67,6,2,22,29,4,6,1,5
Stanford CoreNLP,edu.stanford.nlp.trees,TransformingTreebank,264,0,4,0,65,0,12,0,10,0
Stanford CoreNLP,edu.stanford.nlp.trees,GrammaticalRelation.new Object() {...},33,0,0,0,1,0,1,0,1,0
Stanford CoreNLP,edu.stanford.nlp.trees,GrammaticalStructureConversionUtils.LazyLoadTreesByParsing.new Iterator() {...},96,0,12,0,26,0,10,0,4,0
Stanford CoreNLP,edu.stanford.nlp.stats,DataSeries,9,0,0,0,1,0,1,0,1,0
Stanford CoreNLP,edu.stanford.nlp.stats,DataSeries.ListDataSeries,337,0,36,0,69,0,35,0,17,0
Stanford CoreNLP,edu.stanford.nlp.stats,ClassicCounter,206,320,25,23,34,83,24,37,8,29
Stanford CoreNLP,edu.stanford.nlp.stats,Counters.2.4.new Iterator() {...},5,25,0,0,1,4,1,3,1,3
Stanford CoreNLP,edu.stanford.nlp.stats,Counters.2.new AbstractSet() {...},0,16,0,0,0,3,0,3,0,3
Stanford CoreNLP,edu.stanford.nlp.stats,Counters.2.new AbstractCollection() {...},5,11,0,0,1,2,1,2,1,2
Stanford CoreNLP,edu.stanford.nlp.stats,Counters.2.new AbstractSet() {...},5,17,0,0,1,3,1,2,1,2
Stanford CoreNLP,edu.stanford.nlp.stats,Counters.2.new Factory() {...},0,12,0,0,0,2,0,2,0,2
Stanford CoreNLP,edu.stanford.nlp.stats,IntCounter.NaturalComparator,11,3,2,0,3,1,2,1,1,1
Stanford CoreNLP,edu.stanford.nlp.stats,GeneralizedCounter.CounterView,143,0,12,0,34,0,21,0,15,0
Stanford CoreNLP,edu.stanford.nlp.stats,Counters.new AbstractCounter() {...},136,140,20,8,24,31,14,17,2,15
Stanford CoreNLP,edu.stanford.nlp.stats,Counters.new AbstractCounter() {...},81,0,0,0,19,0,18,0,18,0
Stanford CoreNLP,edu.stanford.nlp.stats,MultiClassChunkEvalStats,440,0,42,0,96,0,34,0,13,0
Stanford CoreNLP,edu.stanford.nlp.stats,TwoDimensionalCounter,795,185,60,8,171,46,65,15,34,12
Stanford CoreNLP,edu.stanford.nlp.stats,Counters.new AbstractMap() {...},49,0,0,0,10,0,8,0,8,0
Stanford CoreNLP,edu.stanford.nlp.stats,IntCounter.new AbstractCollection() {...},5,11,0,0,1,2,1,2,1,2
Stanford CoreNLP,edu.stanford.nlp.stats,IntCounter.new AbstractSet() {...},5,11,0,0,1,2,1,2,1,2
Stanford CoreNLP,edu.stanford.nlp.stats,IntCounter.new Factory() {...},0,13,0,0,0,2,0,2,0,2
Stanford CoreNLP,edu.stanford.nlp.stats,DataSeries.FunctionDataSeries,67,0,4,0,16,0,10,0,8,0
Stanford CoreNLP,edu.stanford.nlp.stats,ClassicCounter.1.new Iterator() {...},4,25,0,0,1,4,1,3,1,3
Stanford CoreNLP,edu.stanford.nlp.stats,SimpleGoodTuring,829,0,56,0,109,0,41,0,13,0
Stanford CoreNLP,edu.stanford.nlp.stats,PrecisionRecallStats,353,0,26,0,65,0,35,0,22,0
Stanford CoreNLP,edu.stanford.nlp.stats,IntCounter,545,279,65,15,131,71,68,35,34,29
Stanford CoreNLP,edu.stanford.nlp.stats,MultiClassPrecisionRecallExtendedStats.StringStringConverter,5,0,0,0,2,0,2,0,2,0
Stanford CoreNLP,edu.stanford.nlp.stats,Counters.1.new AbstractSet() {...},16,0,0,0,3,0,3,0,3,0
Stanford CoreNLP,edu.stanford.nlp.stats,EquivalenceClassEval,923,0,44,0,190,0,68,0,46,0
Stanford CoreNLP,edu.stanford.nlp.stats,ClassicCounter.new AbstractSet() {...},5,11,0,0,1,2,1,2,1,2
Stanford CoreNLP,edu.stanford.nlp.stats,ClassicCounter.new AbstractCollection() {...},18,16,4,0,1,3,3,3,1,3
Stanford CoreNLP,edu.stanford.nlp.stats,DataSeries.ArrayDataSeries,71,0,10,0,20,0,13,0,8,0
Stanford CoreNLP,edu.stanford.nlp.stats,TwoDimensionalIntCounter,831,186,60,10,170,45,64,17,34,12
Stanford CoreNLP,edu.stanford.nlp.stats,Dirichlet,272,0,18,0,54,0,24,0,15,0
Stanford CoreNLP,edu.stanford.nlp.stats,DirichletProcess,86,0,8,0,21,0,10,0,6,0
Stanford CoreNLP,edu.stanford.nlp.stats,Counters.1.1.1.new Map.Entry() {...},28,0,0,0,5,0,4,0,4,0
Stanford CoreNLP,edu.stanford.nlp.stats,Counters,3134,1982,310,186,653,412,273,155,105,75
Stanford CoreNLP,edu.stanford.nlp.stats,GeneralizedCounter.OneDimensionalCounterView,141,0,10,0,31,0,20,0,15,0
Stanford CoreNLP,edu.stanford.nlp.stats,Distributions,322,0,20,0,74,0,19,0,9,0
Stanford CoreNLP,edu.stanford.nlp.stats,MultiClassPrecisionRecallExtendedStats.MultiClassStringLabelStats,27,0,0,0,9,0,3,0,3,0
Stanford CoreNLP,edu.stanford.nlp.stats,Distribution.DynamicDistribution,120,0,4,0,21,0,10,0,8,0
Stanford CoreNLP,edu.stanford.nlp.stats,DataSeries.AverageDataSeries,189,0,20,0,32,0,16,0,6,0
Stanford CoreNLP,edu.stanford.nlp.stats,Multinomial,156,0,18,0,34,0,16,0,7,0
Stanford CoreNLP,edu.stanford.nlp.stats,AbstractCounter,0,51,0,0,0,12,0,7,0,7
Stanford CoreNLP,edu.stanford.nlp.stats,GeneralizedCounter,1634,0,116,0,313,0,105,0,46,0
Stanford CoreNLP,edu.stanford.nlp.stats,IntCounter.3.new Iterator() {...},4,25,0,0,1,4,1,3,1,3
Stanford CoreNLP,edu.stanford.nlp.stats,MultiClassAccuracyStats,479,0,26,0,92,0,29,0,16,0
Stanford CoreNLP,edu.stanford.nlp.stats,DataSeries.AbstractDataSeries,56,0,4,0,11,0,8,0,6,0
Stanford CoreNLP,edu.stanford.nlp.stats,Counters.2.1.new Iterator() {...},16,30,0,0,3,6,1,3,1,3
Stanford CoreNLP,edu.stanford.nlp.stats,Distribution,2089,113,99,5,343,24,87,10,37,8
Stanford CoreNLP,edu.stanford.nlp.stats,MultiClassPrecisionRecallExtendedStats,794,0,60,0,151,0,61,0,31,0
Stanford CoreNLP,edu.stanford.nlp.stats,MultiClassPrecisionRecallStats,754,0,36,0,109,0,40,0,22,0
Stanford CoreNLP,edu.stanford.nlp.stats,IntCounter.1.1.new Map.Entry() {...},0,57,0,0,0,8,0,4,0,4
Stanford CoreNLP,edu.stanford.nlp.stats,ClassicCounter.2.1.new Map.Entry() {...},0,62,0,0,0,10,0,6,0,6
Stanford CoreNLP,edu.stanford.nlp.stats,ClassicCounter.2.new Iterator() {...},4,23,0,0,1,4,1,3,1,3
Stanford CoreNLP,edu.stanford.nlp.stats,EquivalenceClassEval.new EquivalenceClassEval.Factory() {...},42,0,0,0,8,0,2,0,2,0
Stanford CoreNLP,edu.stanford.nlp.stats,EquivalenceClassEval.new EquivalenceClassEval.EqualityChecker() {...},7,0,0,0,2,0,2,0,2,0
Stanford CoreNLP,edu.stanford.nlp.stats,Gamma,178,0,18,0,35,0,17,0,8,0
Stanford CoreNLP,edu.stanford.nlp.stats,EquivalenceClassEval.Eval.CollectionContainsChecker,26,0,4,0,8,0,4,0,2,0
Stanford CoreNLP,edu.stanford.nlp.stats,AccuracyStats,299,0,8,0,53,0,10,0,6,0
Stanford CoreNLP,edu.stanford.nlp.stats,GeneralizedCounter.Entry,92,0,16,0,23,0,15,0,7,0
Stanford CoreNLP,edu.stanford.nlp.stats,Counters.1.1.new Iterator() {...},27,0,0,0,5,0,4,0,4,0
Stanford CoreNLP,edu.stanford.nlp.stats,IntCounter.1.new Iterator() {...},4,23,0,0,1,4,1,3,1,3
Stanford CoreNLP,edu.stanford.nlp.stats,Counters.2.1.1.new Map.Entry() {...},85,61,9,1,9,8,5,4,0,4
Stanford CoreNLP,edu.stanford.nlp.stats,Counters.2.3.new Iterator() {...},5,22,0,0,1,4,1,3,1,3
Stanford CoreNLP,edu.stanford.nlp.stats,EquivalenceClassEval.Eval,342,0,14,0,65,0,17,0,10,0
Stanford CoreNLP,edu.stanford.nlp.stats,ClassicCounter.ClassicCounterFactory,0,12,0,0,0,4,0,2,0,2
Stanford CoreNLP,edu.stanford.nlp.stats,Counters.NaturalComparator,15,0,2,0,6,0,4,0,3,0
Stanford CoreNLP,edu.stanford.nlp.sentiment,SimpleSentiment,870,0,32,0,168,0,37,0,21,0
Stanford CoreNLP,edu.stanford.nlp.sentiment,AbstractEvaluate,998,0,64,0,138,0,48,0,16,0
Stanford CoreNLP,edu.stanford.nlp.sentiment,SentimentCoreAnnotations,3,0,0,0,2,0,1,0,1,0
Stanford CoreNLP,edu.stanford.nlp.sentiment,SentimentCoreAnnotations.SentimentClass,5,0,0,0,2,0,2,0,2,0
Stanford CoreNLP,edu.stanford.nlp.sentiment,ConvertMatlabModel,599,0,40,0,81,0,26,0,6,0
Stanford CoreNLP,edu.stanford.nlp.sentiment,SentimentTraining,794,0,66,0,119,0,39,0,6,0
Stanford CoreNLP,edu.stanford.nlp.sentiment,SentimentCostAndGradient.ScoringProcessor,13,0,0,0,3,0,3,0,3,0
Stanford CoreNLP,edu.stanford.nlp.sentiment,CollapseUnaryTransformer,67,0,10,0,11,0,7,0,2,0
Stanford CoreNLP,edu.stanford.nlp.sentiment,RNNTrainOptions,654,0,44,0,101,0,26,0,4,0
Stanford CoreNLP,edu.stanford.nlp.sentiment,SentimentModel,1845,0,150,0,292,0,104,0,29,0
Stanford CoreNLP,edu.stanford.nlp.sentiment,SentimentPipeline.new Object() {...},51,0,0,0,2,0,1,0,1,0
Stanford CoreNLP,edu.stanford.nlp.sentiment,SentimentPipeline.Output,58,0,0,0,2,0,4,0,4,0
Stanford CoreNLP,edu.stanford.nlp.sentiment,BuildBinarizedDataset,499,0,56,0,99,0,35,0,7,0
Stanford CoreNLP,edu.stanford.nlp.sentiment,SimpleSentiment.new Object() {...},40,0,0,0,1,0,1,0,1,0
Stanford CoreNLP,edu.stanford.nlp.sentiment,SentimentUtils,131,0,14,0,30,0,16,0,9,0
Stanford CoreNLP,edu.stanford.nlp.sentiment,RNNOptions,808,0,62,0,130,0,36,0,5,0
Stanford CoreNLP,edu.stanford.nlp.sentiment,SentimentCostAndGradient,1389,0,64,0,203,0,47,0,15,0
Stanford CoreNLP,edu.stanford.nlp.sentiment,SentimentPipeline,1071,0,106,0,217,0,65,0,10,0
Stanford CoreNLP,edu.stanford.nlp.sentiment,RNNTestOptions,129,0,8,0,23,0,7,0,3,0
Stanford CoreNLP,edu.stanford.nlp.sentiment,Evaluate,179,0,16,0,42,0,12,0,4,0
Stanford CoreNLP,edu.stanford.nlp.sentiment,ReadSentimentDataset,1077,0,78,0,207,0,48,0,9,0
Stanford CoreNLP,edu.stanford.nlp.sentiment,SentimentPipeline.Input,38,0,0,0,2,0,4,0,4,0
Stanford CoreNLP,edu.stanford.nlp.sentiment,SentimentCostAndGradient.ModelDerivatives,374,0,34,0,64,0,25,0,8,0
Stanford CoreNLP,edu.stanford.nlp.sentiment,ExternalEvaluate,197,0,26,0,48,0,17,0,4,0
Stanford CoreNLP,edu.stanford.nlp.sentiment,SimpleSentiment.SentimentDatum,74,0,8,0,20,0,8,0,2,0
Stanford CoreNLP,edu.stanford.nlp.sentiment,SentimentCoreAnnotations.SentimentAnnotatedTree,5,0,0,0,2,0,2,0,2,0
