<?xml version="1.0" encoding="UTF-8"?>
<testsuite xmlns:xsi="http://www.w3.org/2001/XMLSchema-instance" xsi:schemaLocation="https://maven.apache.org/surefire/maven-surefire-plugin/xsd/surefire-test-report.xsd" name="edu.stanford.nlp.naturalli.RelationTripleSegmenterTest" time="1.254" tests="66" errors="0" skipped="0" failures="0">
  <properties>
[...]
</properties>
  <testcase name="testSameSemanticsForDifferentWordOrder" classname="edu.stanford.nlp.naturalli.RelationTripleSegmenterTest" time="0.011"/>
  <testcase name="testObamaBornInRegression" classname="edu.stanford.nlp.naturalli.RelationTripleSegmenterTest" time="0.257"/>
  <testcase name="testToSentenceOutOfOrder" classname="edu.stanford.nlp.naturalli.RelationTripleSegmenterTest" time="0.003"/>
  <testcase name="testOfWhich" classname="edu.stanford.nlp.naturalli.RelationTripleSegmenterTest" time="0.014"/>
  <testcase name="testToSentenceNoIndices" classname="edu.stanford.nlp.naturalli.RelationTripleSegmenterTest" time="0.003"/>
  <testcase name="testPassiveReflexive" classname="edu.stanford.nlp.naturalli.RelationTripleSegmenterTest" time="0.01"/>
  <testcase name="testPossessiveNoNER" classname="edu.stanford.nlp.naturalli.RelationTripleSegmenterTest" time="0.038"/>
  <testcase name="testPossessiveWithObject" classname="edu.stanford.nlp.naturalli.RelationTripleSegmenterTest" time="0.03"/>
  <testcase name="testGeorgeBoydRegression" classname="edu.stanford.nlp.naturalli.RelationTripleSegmenterTest" time="0.013"/>
  <testcase name="testHeWasInaugurated" classname="edu.stanford.nlp.naturalli.RelationTripleSegmenterTest" time="0.006"/>
  <testcase name="testAdvObjectPassive" classname="edu.stanford.nlp.naturalli.RelationTripleSegmenterTest" time="0.011"/>
  <testcase name="testAclNoPP" classname="edu.stanford.nlp.naturalli.RelationTripleSegmenterTest" time="0.011"/>
  <testcase name="testMyCatsPlayWithYarn" classname="edu.stanford.nlp.naturalli.RelationTripleSegmenterTest" time="0.007"/>
  <testcase name="testChrisManningOfStanfordLong" classname="edu.stanford.nlp.naturalli.RelationTripleSegmenterTest" time="0.024"/>
  <testcase name="testUSsAllyBritain" classname="edu.stanford.nlp.naturalli.RelationTripleSegmenterTest" time="0.064"/>
  <testcase name="testAcl" classname="edu.stanford.nlp.naturalli.RelationTripleSegmenterTest" time="0.008"/>
  <testcase name="testVBG" classname="edu.stanford.nlp.naturalli.RelationTripleSegmenterTest" time="0.042"/>
  <testcase name="testFishLikeToSwim" classname="edu.stanford.nlp.naturalli.RelationTripleSegmenterTest" time="0.008"/>
  <testcase name="testPPAttachmentTwo" classname="edu.stanford.nlp.naturalli.RelationTripleSegmenterTest" time="0.013"/>
  <testcase name="testObjInRelation" classname="edu.stanford.nlp.naturalli.RelationTripleSegmenterTest" time="0.029"/>
  <testcase name="testXComp" classname="edu.stanford.nlp.naturalli.RelationTripleSegmenterTest" time="0.008"/>
  <testcase name="testApposInObject" classname="edu.stanford.nlp.naturalli.RelationTripleSegmenterTest" time="0.012"/>
  <testcase name="testDogsInheaven" classname="edu.stanford.nlp.naturalli.RelationTripleSegmenterTest" time="0.021"/>
  <testcase name="testPPExtraction" classname="edu.stanford.nlp.naturalli.RelationTripleSegmenterTest" time="0.045"/>
  <testcase name="testObamaPresidentOfRegressionFull" classname="edu.stanford.nlp.naturalli.RelationTripleSegmenterTest" time="0.005"/>
  <testcase name="testObamaPresidentOfRegression" classname="edu.stanford.nlp.naturalli.RelationTripleSegmenterTest" time="0.006"/>
  <testcase name="testWh" classname="edu.stanford.nlp.naturalli.RelationTripleSegmenterTest" time="0.011"/>
  <testcase name="testVPOnlyReplacedWith" classname="edu.stanford.nlp.naturalli.RelationTripleSegmenterTest" time="0.006"/>
  <testcase name="testThereAreWith" classname="edu.stanford.nlp.naturalli.RelationTripleSegmenterTest" time="0.011"/>
  <testcase name="testVBGCollapsed" classname="edu.stanford.nlp.naturalli.RelationTripleSegmenterTest" time="0.009"/>
  <testcase name="testUSPresidentObama1" classname="edu.stanford.nlp.naturalli.RelationTripleSegmenterTest" time="0.015"/>
  <testcase name="testUSPresidentObama2" classname="edu.stanford.nlp.naturalli.RelationTripleSegmenterTest" time="0.016"/>
  <testcase name="testAdvObject" classname="edu.stanford.nlp.naturalli.RelationTripleSegmenterTest" time="0.005"/>
  <testcase name="testThrowAway" classname="edu.stanford.nlp.naturalli.RelationTripleSegmenterTest" time="0.005"/>
  <testcase name="testUSAllyBritain" classname="edu.stanford.nlp.naturalli.RelationTripleSegmenterTest" time="0.012"/>
  <testcase name="testToSentenceInOrder" classname="edu.stanford.nlp.naturalli.RelationTripleSegmenterTest" time="0.003"/>
  <testcase name="testCatsHaveTails" classname="edu.stanford.nlp.naturalli.RelationTripleSegmenterTest" time="0.008"/>
  <testcase name="testGlosses" classname="edu.stanford.nlp.naturalli.RelationTripleSegmenterTest" time="0.001"/>
  <testcase name="testChrisIsOfStanford" classname="edu.stanford.nlp.naturalli.RelationTripleSegmenterTest" time="0.016"/>
  <testcase name="testBlueCatsPlayWithYarn" classname="edu.stanford.nlp.naturalli.RelationTripleSegmenterTest" time="0.007"/>
  <testcase name="testReflexive" classname="edu.stanford.nlp.naturalli.RelationTripleSegmenterTest" time="0.005"/>
  <testcase name="testPossessiveInEntity" classname="edu.stanford.nlp.naturalli.RelationTripleSegmenterTest" time="0.005"/>
  <testcase name="testThereAreIn" classname="edu.stanford.nlp.naturalli.RelationTripleSegmenterTest" time="0.012"/>
  <testcase name="testStateOfTheUnion" classname="edu.stanford.nlp.naturalli.RelationTripleSegmenterTest" time="0.018"/>
  <testcase name="testMassOfIron" classname="edu.stanford.nlp.naturalli.RelationTripleSegmenterTest" time="0.005"/>
  <testcase name="testPassiveNSubj" classname="edu.stanford.nlp.naturalli.RelationTripleSegmenterTest" time="0.017"/>
  <testcase name="testCatsAreCute" classname="edu.stanford.nlp.naturalli.RelationTripleSegmenterTest" time="0.007"/>
  <testcase name="testNmodTmod" classname="edu.stanford.nlp.naturalli.RelationTripleSegmenterTest" time="0.005"/>
  <testcase name="testCompoundPossessive" classname="edu.stanford.nlp.naturalli.RelationTripleSegmenterTest" time="0.084"/>
  <testcase name="testPossessive" classname="edu.stanford.nlp.naturalli.RelationTripleSegmenterTest" time="0.013"/>
  <testcase name="testPPAttachment" classname="edu.stanford.nlp.naturalli.RelationTripleSegmenterTest" time="0.005"/>
  <testcase name="testAmericanActorChrisPratt" classname="edu.stanford.nlp.naturalli.RelationTripleSegmenterTest" time="0.035"/>
  <testcase name="testChrisManningOfStanford" classname="edu.stanford.nlp.naturalli.RelationTripleSegmenterTest" time="0.013"/>
  <testcase name="testrabbitsEatVegetables" classname="edu.stanford.nlp.naturalli.RelationTripleSegmenterTest" time="0.007"/>
  <testcase name="testAllNominals" classname="edu.stanford.nlp.naturalli.RelationTripleSegmenterTest" time="0.047"/>
  <testcase name="testFishLikeToSwimAlternateParse" classname="edu.stanford.nlp.naturalli.RelationTripleSegmenterTest" time="0.004"/>
  <testcase name="testBlueCatsPlayQuietlyWithYarn" classname="edu.stanford.nlp.naturalli.RelationTripleSegmenterTest" time="0.006"/>
  <testcase name="testApposAsSubj" classname="edu.stanford.nlp.naturalli.RelationTripleSegmenterTest" time="0.009"/>
  <testcase name="testPresidentObama" classname="edu.stanford.nlp.naturalli.RelationTripleSegmenterTest" time="0.011"/>
  <testcase name="testThereAreVBing" classname="edu.stanford.nlp.naturalli.RelationTripleSegmenterTest" time="0.005"/>
  <testcase name="testUSPresidentObama" classname="edu.stanford.nlp.naturalli.RelationTripleSegmenterTest" time="0.027"/>
  <testcase name="testIAmInFlorida" classname="edu.stanford.nlp.naturalli.RelationTripleSegmenterTest" time="0.004"/>
  <testcase name="testAclWithPP" classname="edu.stanford.nlp.naturalli.RelationTripleSegmenterTest" time="0.005"/>
  <testcase name="testCommaDoesntOvergenerate" classname="edu.stanford.nlp.naturalli.RelationTripleSegmenterTest" time="0.016"/>
  <testcase name="testPropagateCSubj" classname="edu.stanford.nlp.naturalli.RelationTripleSegmenterTest" time="0.004"/>
  <testcase name="testAclWithAdverb" classname="edu.stanford.nlp.naturalli.RelationTripleSegmenterTest" time="0.004"/>
</testsuite>