<?xml version="1.0" encoding="UTF-8"?>
<testsuite xmlns:xsi="http://www.w3.org/2001/XMLSchema-instance" xsi:schemaLocation="https://maven.apache.org/surefire/maven-surefire-plugin/xsd/surefire-test-report.xsd" name="edu.stanford.nlp.loglinear.model.ConcatVectorTest" time="60.652" tests="27" errors="0" skipped="0" failures="0">
  <properties>
[...]
</properties>
  <testcase name="testElementwiseDenseToDense" classname="edu.stanford.nlp.loglinear.model.ConcatVectorTest" time="4.546"/>
  <testcase name="testResizeOnSetComponent" classname="edu.stanford.nlp.loglinear.model.ConcatVectorTest" time="0.018"/>
  <testcase name="testAppendSparseComponent" classname="edu.stanford.nlp.loglinear.model.ConcatVectorTest" time="4.189"/>
  <testcase name="testElementwiseDenseToSparse" classname="edu.stanford.nlp.loglinear.model.ConcatVectorTest" time="3.792"/>
  <testcase name="testProtoVector" classname="edu.stanford.nlp.loglinear.model.ConcatVectorTest" time="1.109"/>
  <testcase name="testMap" classname="edu.stanford.nlp.loglinear.model.ConcatVectorTest" time="0.018"/>
  <testcase name="testDeepClone" classname="edu.stanford.nlp.loglinear.model.ConcatVectorTest" time="0.676"/>
  <testcase name="testSizes" classname="edu.stanford.nlp.loglinear.model.ConcatVectorTest" time="0.015"/>
  <testcase name="testInnerProduct2" classname="edu.stanford.nlp.loglinear.model.ConcatVectorTest" time="0.411"/>
  <testcase name="testAddDenseToSparse" classname="edu.stanford.nlp.loglinear.model.ConcatVectorTest" time="3.585"/>
  <testcase name="testRetrieveDense" classname="edu.stanford.nlp.loglinear.model.ConcatVectorTest" time="0.012"/>
  <testcase name="testElementwiseProduct" classname="edu.stanford.nlp.loglinear.model.ConcatVectorTest" time="0.774"/>
  <testcase name="testAddDenseToDense" classname="edu.stanford.nlp.loglinear.model.ConcatVectorTest" time="2.512"/>
  <testcase name="testAddSparseToSparse" classname="edu.stanford.nlp.loglinear.model.ConcatVectorTest" time="15.162"/>
  <testcase name="testDeepCloneGetValueAt" classname="edu.stanford.nlp.loglinear.model.ConcatVectorTest" time="0.065"/>
  <testcase name="testElementwiseSparseToDense" classname="edu.stanford.nlp.loglinear.model.ConcatVectorTest" time="3.178"/>
  <testcase name="testAppendDenseComponent" classname="edu.stanford.nlp.loglinear.model.ConcatVectorTest" time="0.035"/>
  <testcase name="testIsSparse" classname="edu.stanford.nlp.loglinear.model.ConcatVectorTest" time="0.013"/>
  <testcase name="testGetValueAt" classname="edu.stanford.nlp.loglinear.model.ConcatVectorTest" time="0.013"/>
  <testcase name="testAddSparseToDense" classname="edu.stanford.nlp.loglinear.model.ConcatVectorTest" time="3.174"/>
  <testcase name="testAddVector" classname="edu.stanford.nlp.loglinear.model.ConcatVectorTest" time="0.36"/>
  <testcase name="testGetSparseIndex" classname="edu.stanford.nlp.loglinear.model.ConcatVectorTest" time="3.375"/>
  <testcase name="testElementwiseSparseToSparse" classname="edu.stanford.nlp.loglinear.model.ConcatVectorTest" time="12.901"/>
  <testcase name="testNewEmptyClone" classname="edu.stanford.nlp.loglinear.model.ConcatVectorTest" time="0.017"/>
  <testcase name="testCopyOnWrite" classname="edu.stanford.nlp.loglinear.model.ConcatVectorTest" time="0.015"/>
  <testcase name="testInnerProduct" classname="edu.stanford.nlp.loglinear.model.ConcatVectorTest" time="0.665"/>
  <testcase name="testValueEquals" classname="edu.stanford.nlp.loglinear.model.ConcatVectorTest" time="0.012"/>
</testsuite>