<?xml version="1.0" encoding="UTF-8"?>
<testsuite xmlns:xsi="http://www.w3.org/2001/XMLSchema-instance" xsi:schemaLocation="https://maven.apache.org/surefire/maven-surefire-plugin/xsd/surefire-test-report.xsd" name="edu.stanford.nlp.pipeline.QuoteAnnotatorTest" time="0.103" tests="40" errors="0" skipped="0" failures="0">
  <properties>
[...]
</properties>
  <testcase name="testBasicSingleQuotes" classname="edu.stanford.nlp.pipeline.QuoteAnnotatorTest" time="0.023"/>
  <testcase name="testEmbeddedMixedComplicated" classname="edu.stanford.nlp.pipeline.QuoteAnnotatorTest" time="0.004"/>
  <testcase name="testMultiLineQuoteDouble" classname="edu.stanford.nlp.pipeline.QuoteAnnotatorTest" time="0.002"/>
  <testcase name="testEmbeddedQuotes" classname="edu.stanford.nlp.pipeline.QuoteAnnotatorTest" time="0.008"/>
  <testcase name="testTripleEmbeddedLatexQuotes" classname="edu.stanford.nlp.pipeline.QuoteAnnotatorTest" time="0.002"/>
  <testcase name="testMultiLineQuoteSingle" classname="edu.stanford.nlp.pipeline.QuoteAnnotatorTest" time="0.001"/>
  <testcase name="testTis" classname="edu.stanford.nlp.pipeline.QuoteAnnotatorTest" time="0.003"/>
  <testcase name="testUnicodeQuotesWithBadUnicodeQuotes" classname="edu.stanford.nlp.pipeline.QuoteAnnotatorTest" time="0.002"/>
  <testcase name="testBasicLatexQuotes" classname="edu.stanford.nlp.pipeline.QuoteAnnotatorTest" time="0.001"/>
  <testcase name="testUnicodeQuotesWithApostrophes" classname="edu.stanford.nlp.pipeline.QuoteAnnotatorTest" time="0.004"/>
  <testcase name="testTripleEmbeddedLatexQuotesNoEmbedded" classname="edu.stanford.nlp.pipeline.QuoteAnnotatorTest" time="0.001"/>
  <testcase name="testQuotesFollowEachother" classname="edu.stanford.nlp.pipeline.QuoteAnnotatorTest" time="0.001"/>
  <testcase name="testTripleEmbeddedUnicodeQuotes" classname="edu.stanford.nlp.pipeline.QuoteAnnotatorTest" time="0.001"/>
  <testcase name="testBasicAllowEmbeddedSameUnicode" classname="edu.stanford.nlp.pipeline.QuoteAnnotatorTest" time="0.001"/>
  <testcase name="testUnclosedInitialQuotes" classname="edu.stanford.nlp.pipeline.QuoteAnnotatorTest" time="0"/>
  <testcase name="testLatexQuotesWithDirectedApostrophes" classname="edu.stanford.nlp.pipeline.QuoteAnnotatorTest" time="0.001"/>
  <testcase name="testMaxLength" classname="edu.stanford.nlp.pipeline.QuoteAnnotatorTest" time="0.001"/>
  <testcase name="testWordsWithApostropheTerminalsInOneDoubleQuote" classname="edu.stanford.nlp.pipeline.QuoteAnnotatorTest" time="0.001"/>
  <testcase name="testEmbeddedLatexQuotesNoEmbedded" classname="edu.stanford.nlp.pipeline.QuoteAnnotatorTest" time="0.001"/>
  <testcase name="testEmbeddedLatexQuotes" classname="edu.stanford.nlp.pipeline.QuoteAnnotatorTest" time="0.001"/>
  <testcase name="testUnclosedLastDoubleQuotes" classname="edu.stanford.nlp.pipeline.QuoteAnnotatorTest" time="0.001"/>
  <testcase name="testBasicInternalPunc" classname="edu.stanford.nlp.pipeline.QuoteAnnotatorTest" time="0.001"/>
  <testcase name="testBasicIgnoreSingleQuotes" classname="edu.stanford.nlp.pipeline.QuoteAnnotatorTest" time="0.005"/>
  <testcase name="testEmbeddedSingleLatexQuotes" classname="edu.stanford.nlp.pipeline.QuoteAnnotatorTest" time="0.001"/>
  <testcase name="testEmbeddedLatexQuotesAllEndSamePlace" classname="edu.stanford.nlp.pipeline.QuoteAnnotatorTest" time="0.001"/>
  <testcase name="testBasicAsciiQuotes" classname="edu.stanford.nlp.pipeline.QuoteAnnotatorTest" time="0.002"/>
  <testcase name="testWordsWithApostropheTerminalsInDoubleQuotes" classname="edu.stanford.nlp.pipeline.QuoteAnnotatorTest" time="0.001"/>
  <testcase name="testDoubleEnclosedInSingle" classname="edu.stanford.nlp.pipeline.QuoteAnnotatorTest" time="0.002"/>
  <testcase name="testUnclosedLastSingleQuotes" classname="edu.stanford.nlp.pipeline.QuoteAnnotatorTest" time="0"/>
  <testcase name="testEmbeddedLatexQuotesAllEndSamePlaceNoEmbedded" classname="edu.stanford.nlp.pipeline.QuoteAnnotatorTest" time="0.001"/>
  <testcase name="testBasicUnicodeQuotes" classname="edu.stanford.nlp.pipeline.QuoteAnnotatorTest" time="0.001"/>
  <testcase name="testDashes" classname="edu.stanford.nlp.pipeline.QuoteAnnotatorTest" time="0.007"/>
  <testcase name="testEmbeddedQuotesTwo" classname="edu.stanford.nlp.pipeline.QuoteAnnotatorTest" time="0.003"/>
  <testcase name="testBasicDoubleQuotes" classname="edu.stanford.nlp.pipeline.QuoteAnnotatorTest" time="0.002"/>
  <testcase name="testUnclosedLastDoubleQuotesUnclosedAnnotation" classname="edu.stanford.nlp.pipeline.QuoteAnnotatorTest" time="0.002"/>
  <testcase name="testSingleEnclosedInDouble" classname="edu.stanford.nlp.pipeline.QuoteAnnotatorTest" time="0.001"/>
  <testcase name="testWordBeginningWithApostropheAtQuoteBeginningSingleQuotes" classname="edu.stanford.nlp.pipeline.QuoteAnnotatorTest" time="0.001"/>
  <testcase name="testMultiParagraphQuoteDouble" classname="edu.stanford.nlp.pipeline.QuoteAnnotatorTest" time="0.001"/>
  <testcase name="testBasicEmbeddedSameUnicode" classname="edu.stanford.nlp.pipeline.QuoteAnnotatorTest" time="0.001"/>
  <testcase name="testMultiParagraphQuoteSingle" classname="edu.stanford.nlp.pipeline.QuoteAnnotatorTest" time="0.003"/>
</testsuite>