<?xml version="1.0" encoding="UTF-8"?>
<testsuite xmlns:xsi="http://www.w3.org/2001/XMLSchema-instance" xsi:schemaLocation="https://maven.apache.org/surefire/maven-surefire-plugin/xsd/surefire-test-report.xsd" name="edu.stanford.nlp.trees.tregex.TregexTest" time="0.32" tests="44" errors="0" skipped="0" failures="0">
  <properties>
[...]
</properties>
  <testcase name="testOneResult" classname="edu.stanford.nlp.trees.tregex.TregexTest" time="0"/>
  <testcase name="testNoResults" classname="edu.stanford.nlp.trees.tregex.TregexTest" time="0"/>
  <testcase name="testTwoChildren" classname="edu.stanford.nlp.trees.tregex.TregexTest" time="0.006"/>
  <testcase name="testImmediateSister" classname="edu.stanford.nlp.trees.tregex.TregexTest" time="0.012"/>
  <testcase name="testNamed" classname="edu.stanford.nlp.trees.tregex.TregexTest" time="0"/>
  <testcase name="testReuse" classname="edu.stanford.nlp.trees.tregex.TregexTest" time="0"/>
  <testcase name="testDominateDescribedChain" classname="edu.stanford.nlp.trees.tregex.TregexTest" time="0.025"/>
  <testcase name="testLink" classname="edu.stanford.nlp.trees.tregex.TregexTest" time="0.006"/>
  <testcase name="testTest" classname="edu.stanford.nlp.trees.tregex.TregexTest" time="0.002"/>
  <testcase name="testDocExamples" classname="edu.stanford.nlp.trees.tregex.TregexTest" time="0.012"/>
  <testcase name="testPrecedingFollowingSister" classname="edu.stanford.nlp.trees.tregex.TregexTest" time="0.008"/>
  <testcase name="testPrecedesDescribedChain" classname="edu.stanford.nlp.trees.tregex.TregexTest" time="0.011"/>
  <testcase name="testDisjunctionVariableAssignments" classname="edu.stanford.nlp.trees.tregex.TregexTest" time="0.001"/>
  <testcase name="testParenthesizedExpressions" classname="edu.stanford.nlp.trees.tregex.TregexTest" time="0.01"/>
  <testcase name="testComplex2" classname="edu.stanford.nlp.trees.tregex.TregexTest" time="0.005"/>
  <testcase name="testOnlyMatchRoot" classname="edu.stanford.nlp.trees.tregex.TregexTest" time="0"/>
  <testcase name="testSubtreePattern" classname="edu.stanford.nlp.trees.tregex.TregexTest" time="0.01"/>
  <testcase name="testChinese" classname="edu.stanford.nlp.trees.tregex.TregexTest" time="0.001"/>
  <testcase name="testRootDisjunction" classname="edu.stanford.nlp.trees.tregex.TregexTest" time="0.003"/>
  <testcase name="testComplex" classname="edu.stanford.nlp.trees.tregex.TregexTest" time="0.014"/>
  <testcase name="testTwoResults" classname="edu.stanford.nlp.trees.tregex.TregexTest" time="0"/>
  <testcase name="testLeftRightMostDescendant" classname="edu.stanford.nlp.trees.tregex.TregexTest" time="0.016"/>
  <testcase name="testOptional" classname="edu.stanford.nlp.trees.tregex.TregexTest" time="0.003"/>
  <testcase name="testMonthDayYear" classname="edu.stanford.nlp.trees.tregex.TregexTest" time="0.032"/>
  <testcase name="testMoeCurlyLarry" classname="edu.stanford.nlp.trees.tregex.TregexTest" time="0.003"/>
  <testcase name="testWordDisjunction" classname="edu.stanford.nlp.trees.tregex.TregexTest" time="0.004"/>
  <testcase name="testSegmentedAndEqualsExpressions" classname="edu.stanford.nlp.trees.tregex.TregexTest" time="0.003"/>
  <testcase name="testVariableGroups" classname="edu.stanford.nlp.trees.tregex.TregexTest" time="0.002"/>
  <testcase name="testOnlyChild" classname="edu.stanford.nlp.trees.tregex.TregexTest" time="0.003"/>
  <testcase name="testJoãoSilva" classname="edu.stanford.nlp.trees.tregex.TregexTest" time="0.001"/>
  <testcase name="testHeadOfPhrase" classname="edu.stanford.nlp.trees.tregex.TregexTest" time="0.004"/>
  <testcase name="testRepeatedVariables" classname="edu.stanford.nlp.trees.tregex.TregexTest" time="0.001"/>
  <testcase name="testImmediatePrecedesFollows" classname="edu.stanford.nlp.trees.tregex.TregexTest" time="0.015"/>
  <testcase name="testImmediatelyDominates" classname="edu.stanford.nlp.trees.tregex.TregexTest" time="0.002"/>
  <testcase name="testDominates" classname="edu.stanford.nlp.trees.tregex.TregexTest" time="0.003"/>
  <testcase name="testParentEquals" classname="edu.stanford.nlp.trees.tregex.TregexTest" time="0.002"/>
  <testcase name="testCategoryDisjunction" classname="edu.stanford.nlp.trees.tregex.TregexTest" time="0.004"/>
  <testcase name="testSister" classname="edu.stanford.nlp.trees.tregex.TregexTest" time="0.002"/>
  <testcase name="testIthChild" classname="edu.stanford.nlp.trees.tregex.TregexTest" time="0.012"/>
  <testcase name="testFirstLastChild" classname="edu.stanford.nlp.trees.tregex.TregexTest" time="0.012"/>
  <testcase name="testCategoryFunctions" classname="edu.stanford.nlp.trees.tregex.TregexTest" time="0.012"/>
  <testcase name="testDominateUnaryChain" classname="edu.stanford.nlp.trees.tregex.TregexTest" time="0.013"/>
  <testcase name="testPrecedesFollows" classname="edu.stanford.nlp.trees.tregex.TregexTest" time="0.012"/>
  <testcase name="testNonsense" classname="edu.stanford.nlp.trees.tregex.TregexTest" time="0.003"/>
</testsuite>